[11:59:45] [main/INFO]: Environment: authHost='https://authserver.mojang.com', accountsHost='https://api.mojang.com', sessionHost='https://sessionserver.mojang.com', servicesHost='https://api.minecraftservices.com', name='PROD'
[11:59:46] [main/INFO]: Reloading ResourceManager: Default, bukkit
[11:59:49] [Worker-Main-11/INFO]: Loaded 7 recipes
[11:59:59] [Server thread/INFO]: Starting minecraft server version 1.17.1
[11:59:59] [Server thread/INFO]: Loading properties
[12:00:00] [Server thread/INFO]: This server is running CraftBukkit version 3284-Spigot-3892929-0ebef35 (MC: 1.17.1) (Implementing API version 1.17.1-R0.1-SNAPSHOT)
[12:00:01] [Server thread/INFO]: Debug logging is disabled
[12:00:01] [Server thread/INFO]: Using 4 threads for Netty based IO
[12:00:01] [Server thread/INFO]: Server Ping Player Sample Count: 12
[12:00:01] [Server thread/INFO]: Default game type: CREATIVE
[12:00:01] [Server thread/INFO]: Generating keypair
[12:00:02] [Server thread/INFO]: Starting Minecraft server on *:25565
[12:00:02] [Server thread/INFO]: Using default channel type
[12:00:05] [Server thread/INFO]: [herder] Loading herder v1.0-SNAPSHOT
[12:00:05] [Server thread/INFO]: Preparing level "world"
[12:00:06] [Server thread/INFO]: -------- World Settings For [world] --------
[12:00:06] [Server thread/INFO]: Entity Tracking Range: Pl 48 / An 48 / Mo 48 / Mi 32 / Other 64
[12:00:06] [Server thread/INFO]: Allow Zombie Pigmen to spawn from portal blocks: true
[12:00:06] [Server thread/INFO]: Item Despawn Rate: 6000
[12:00:06] [Server thread/INFO]: Item Merge Radius: 2.5
[12:00:06] [Server thread/INFO]: Zombie Aggressive Towards Villager: true
[12:00:06] [Server thread/INFO]: Mob Spawn Range: 6
[12:00:06] [Server thread/INFO]: Cactus Growth Modifier: 100%
[12:00:06] [Server thread/INFO]: Cane Growth Modifier: 100%
[12:00:06] [Server thread/INFO]: Melon Growth Modifier: 100%
[12:00:06] [Server thread/INFO]: Mushroom Growth Modifier: 100%
[12:00:06] [Server thread/INFO]: Pumpkin Growth Modifier: 100%
[12:00:06] [Server thread/INFO]: Sapling Growth Modifier: 100%
[12:00:06] [Server thread/INFO]: Beetroot Growth Modifier: 100%
[12:00:06] [Server thread/INFO]: Carrot Growth Modifier: 100%
[12:00:06] [Server thread/INFO]: Potato Growth Modifier: 100%
[12:00:06] [Server thread/INFO]: Wheat Growth Modifier: 100%
[12:00:06] [Server thread/INFO]: NetherWart Growth Modifier: 100%
[12:00:06] [Server thread/INFO]: Vine Growth Modifier: 100%
[12:00:06] [Server thread/INFO]: Cocoa Growth Modifier: 100%
[12:00:06] [Server thread/INFO]: Bamboo Growth Modifier: 100%
[12:00:06] [Server thread/INFO]: SweetBerry Growth Modifier: 100%
[12:00:06] [Server thread/INFO]: Kelp Growth Modifier: 100%
[12:00:06] [Server thread/INFO]: Experience Merge Radius: 3.0
[12:00:06] [Server thread/INFO]: Entity Activation Range: An 32 / Mo 32 / Ra 48 / Mi 16 / Tiv true
[12:00:06] [Server thread/INFO]: Hopper Transfer: 8 Hopper Check: 1 Hopper Amount: 1
[12:00:06] [Server thread/INFO]: Custom Map Seeds:  Village: 10387312 Desert: 14357617 Igloo: 14357618 Jungle: 14357619 Swamp: 14357620 Monument: 10387313 Ocean: 14357621 Shipwreck: 165745295 End City: 10387313 Slime: 987234911 Bastion: 30084232 Fortress: 30084232 Mansion: 10387319 Fossil: 14357921 Portal: 34222645
[12:00:06] [Server thread/INFO]: Max TNT Explosions: 100
[12:00:06] [Server thread/INFO]: Tile Max Tick Time: 50ms Entity max Tick Time: 50ms
[12:00:06] [Server thread/INFO]: View Distance: 10
[12:00:06] [Server thread/INFO]: Arrow Despawn Rate: 1200 Trident Respawn Rate:1200
[12:00:06] [Server thread/INFO]: Nerfing mobs spawned from spawners: false
[12:00:11] [Server thread/INFO]: -------- World Settings For [world_nether] --------
[12:00:11] [Server thread/INFO]: Entity Tracking Range: Pl 48 / An 48 / Mo 48 / Mi 32 / Other 64
[12:00:11] [Server thread/INFO]: Allow Zombie Pigmen to spawn from portal blocks: true
[12:00:11] [Server thread/INFO]: Item Despawn Rate: 6000
[12:00:11] [Server thread/INFO]: Item Merge Radius: 2.5
[12:00:11] [Server thread/INFO]: Zombie Aggressive Towards Villager: true
[12:00:11] [Server thread/INFO]: Mob Spawn Range: 6
[12:00:11] [Server thread/INFO]: Cactus Growth Modifier: 100%
[12:00:11] [Server thread/INFO]: Cane Growth Modifier: 100%
[12:00:11] [Server thread/INFO]: Melon Growth Modifier: 100%
[12:00:11] [Server thread/INFO]: Mushroom Growth Modifier: 100%
[12:00:11] [Server thread/INFO]: Pumpkin Growth Modifier: 100%
[12:00:11] [Server thread/INFO]: Sapling Growth Modifier: 100%
[12:00:11] [Server thread/INFO]: Beetroot Growth Modifier: 100%
[12:00:11] [Server thread/INFO]: Carrot Growth Modifier: 100%
[12:00:11] [Server thread/INFO]: Potato Growth Modifier: 100%
[12:00:11] [Server thread/INFO]: Wheat Growth Modifier: 100%
[12:00:11] [Server thread/INFO]: NetherWart Growth Modifier: 100%
[12:00:11] [Server thread/INFO]: Vine Growth Modifier: 100%
[12:00:11] [Server thread/INFO]: Cocoa Growth Modifier: 100%
[12:00:11] [Server thread/INFO]: Bamboo Growth Modifier: 100%
[12:00:11] [Server thread/INFO]: SweetBerry Growth Modifier: 100%
[12:00:11] [Server thread/INFO]: Kelp Growth Modifier: 100%
[12:00:11] [Server thread/INFO]: Experience Merge Radius: 3.0
[12:00:11] [Server thread/INFO]: Entity Activation Range: An 32 / Mo 32 / Ra 48 / Mi 16 / Tiv true
[12:00:11] [Server thread/INFO]: Hopper Transfer: 8 Hopper Check: 1 Hopper Amount: 1
[12:00:11] [Server thread/INFO]: Custom Map Seeds:  Village: 10387312 Desert: 14357617 Igloo: 14357618 Jungle: 14357619 Swamp: 14357620 Monument: 10387313 Ocean: 14357621 Shipwreck: 165745295 End City: 10387313 Slime: 987234911 Bastion: 30084232 Fortress: 30084232 Mansion: 10387319 Fossil: 14357921 Portal: 34222645
[12:00:11] [Server thread/INFO]: Max TNT Explosions: 100
[12:00:11] [Server thread/INFO]: Tile Max Tick Time: 50ms Entity max Tick Time: 50ms
[12:00:11] [Server thread/INFO]: View Distance: 10
[12:00:11] [Server thread/INFO]: Arrow Despawn Rate: 1200 Trident Respawn Rate:1200
[12:00:11] [Server thread/INFO]: Nerfing mobs spawned from spawners: false
[12:00:12] [Server thread/INFO]: -------- World Settings For [world_the_end] --------
[12:00:12] [Server thread/INFO]: Entity Tracking Range: Pl 48 / An 48 / Mo 48 / Mi 32 / Other 64
[12:00:12] [Server thread/INFO]: Allow Zombie Pigmen to spawn from portal blocks: true
[12:00:12] [Server thread/INFO]: Item Despawn Rate: 6000
[12:00:12] [Server thread/INFO]: Item Merge Radius: 2.5
[12:00:12] [Server thread/INFO]: Zombie Aggressive Towards Villager: true
[12:00:12] [Server thread/INFO]: Mob Spawn Range: 6
[12:00:12] [Server thread/INFO]: Cactus Growth Modifier: 100%
[12:00:12] [Server thread/INFO]: Cane Growth Modifier: 100%
[12:00:12] [Server thread/INFO]: Melon Growth Modifier: 100%
[12:00:12] [Server thread/INFO]: Mushroom Growth Modifier: 100%
[12:00:12] [Server thread/INFO]: Pumpkin Growth Modifier: 100%
[12:00:12] [Server thread/INFO]: Sapling Growth Modifier: 100%
[12:00:12] [Server thread/INFO]: Beetroot Growth Modifier: 100%
[12:00:12] [Server thread/INFO]: Carrot Growth Modifier: 100%
[12:00:12] [Server thread/INFO]: Potato Growth Modifier: 100%
[12:00:12] [Server thread/INFO]: Wheat Growth Modifier: 100%
[12:00:12] [Server thread/INFO]: NetherWart Growth Modifier: 100%
[12:00:12] [Server thread/INFO]: Vine Growth Modifier: 100%
[12:00:12] [Server thread/INFO]: Cocoa Growth Modifier: 100%
[12:00:12] [Server thread/INFO]: Bamboo Growth Modifier: 100%
[12:00:12] [Server thread/INFO]: SweetBerry Growth Modifier: 100%
[12:00:12] [Server thread/INFO]: Kelp Growth Modifier: 100%
[12:00:12] [Server thread/INFO]: Experience Merge Radius: 3.0
[12:00:12] [Server thread/INFO]: Entity Activation Range: An 32 / Mo 32 / Ra 48 / Mi 16 / Tiv true
[12:00:12] [Server thread/INFO]: Hopper Transfer: 8 Hopper Check: 1 Hopper Amount: 1
[12:00:12] [Server thread/INFO]: Custom Map Seeds:  Village: 10387312 Desert: 14357617 Igloo: 14357618 Jungle: 14357619 Swamp: 14357620 Monument: 10387313 Ocean: 14357621 Shipwreck: 165745295 End City: 10387313 Slime: 987234911 Bastion: 30084232 Fortress: 30084232 Mansion: 10387319 Fossil: 14357921 Portal: 34222645
[12:00:12] [Server thread/INFO]: Max TNT Explosions: 100
[12:00:12] [Server thread/INFO]: Tile Max Tick Time: 50ms Entity max Tick Time: 50ms
[12:00:12] [Server thread/INFO]: View Distance: 10
[12:00:12] [Server thread/INFO]: Arrow Despawn Rate: 1200 Trident Respawn Rate:1200
[12:00:12] [Server thread/INFO]: Nerfing mobs spawned from spawners: false
[12:00:12] [Server thread/INFO]: Preparing start region for dimension minecraft:overworld
[12:00:13] [Worker-Main-8/INFO]: Preparing spawn area: 0%
[12:00:13] [Worker-Main-8/INFO]: Preparing spawn area: 0%
[12:00:13] [Worker-Main-11/INFO]: Preparing spawn area: 0%
[12:00:13] [Worker-Main-10/INFO]: Preparing spawn area: 0%
[12:00:14] [Worker-Main-10/INFO]: Preparing spawn area: 0%
[12:00:14] [Worker-Main-9/INFO]: Preparing spawn area: 0%
[12:00:15] [Worker-Main-11/INFO]: Preparing spawn area: 0%
[12:00:15] [Worker-Main-9/INFO]: Preparing spawn area: 0%
[12:00:16] [Worker-Main-10/INFO]: Preparing spawn area: 0%
[12:00:16] [Worker-Main-8/INFO]: Preparing spawn area: 0%
[12:00:17] [Worker-Main-11/INFO]: Preparing spawn area: 0%
[12:00:29] [Worker-Main-12/INFO]: Preparing spawn area: 1%
[12:00:29] [Worker-Main-8/INFO]: Preparing spawn area: 1%
[12:00:29] [Worker-Main-8/INFO]: Preparing spawn area: 1%
[12:00:29] [Worker-Main-8/INFO]: Preparing spawn area: 1%
[12:00:29] [Worker-Main-10/INFO]: Preparing spawn area: 1%
[12:00:29] [Worker-Main-10/INFO]: Preparing spawn area: 1%
[12:00:29] [Worker-Main-10/INFO]: Preparing spawn area: 1%
[12:00:29] [Worker-Main-10/INFO]: Preparing spawn area: 1%
[12:00:29] [Worker-Main-10/INFO]: Preparing spawn area: 1%
[12:00:29] [Worker-Main-10/INFO]: Preparing spawn area: 1%
[12:00:29] [Worker-Main-10/INFO]: Preparing spawn area: 1%
[12:00:29] [Worker-Main-10/INFO]: Preparing spawn area: 1%
[12:00:29] [Worker-Main-10/INFO]: Preparing spawn area: 1%
[12:00:29] [Worker-Main-10/INFO]: Preparing spawn area: 1%
[12:00:29] [Worker-Main-10/INFO]: Preparing spawn area: 1%
[12:00:29] [Worker-Main-10/INFO]: Preparing spawn area: 1%
[12:00:29] [Worker-Main-10/INFO]: Preparing spawn area: 1%
[12:00:29] [Worker-Main-10/INFO]: Preparing spawn area: 1%
[12:00:29] [Worker-Main-10/INFO]: Preparing spawn area: 1%
[12:00:29] [Worker-Main-10/INFO]: Preparing spawn area: 1%
[12:00:29] [Worker-Main-10/INFO]: Preparing spawn area: 1%
[12:00:29] [Worker-Main-10/INFO]: Preparing spawn area: 1%
[12:00:29] [Worker-Main-10/INFO]: Preparing spawn area: 1%
[12:00:29] [Worker-Main-11/INFO]: Preparing spawn area: 1%
[12:00:29] [Worker-Main-10/INFO]: Preparing spawn area: 1%
[12:00:30] [Worker-Main-9/INFO]: Preparing spawn area: 2%
[12:00:30] [Worker-Main-8/INFO]: Preparing spawn area: 2%
[12:00:31] [Worker-Main-14/INFO]: Preparing spawn area: 37%
[12:00:31] [Worker-Main-10/INFO]: Preparing spawn area: 49%
[12:00:32] [Worker-Main-13/INFO]: Preparing spawn area: 97%
[12:00:32] [Worker-Main-12/INFO]: Preparing spawn area: 99%
[12:00:33] [Server thread/INFO]: Time elapsed: 21338 ms
[12:00:33] [Server thread/INFO]: Preparing start region for dimension minecraft:the_nether
[12:00:34] [Worker-Main-13/INFO]: Preparing spawn area: 0%
[12:00:34] [Worker-Main-13/INFO]: Preparing spawn area: 0%
[12:00:34] [Worker-Main-10/INFO]: Preparing spawn area: 0%
[12:00:35] [Worker-Main-8/INFO]: Preparing spawn area: 0%
[12:00:35] [Worker-Main-12/INFO]: Preparing spawn area: 0%
[12:00:36] [Worker-Main-14/INFO]: Preparing spawn area: 0%
[12:00:36] [Worker-Main-14/INFO]: Preparing spawn area: 0%
[12:00:37] [Worker-Main-11/INFO]: Preparing spawn area: 2%
[12:00:37] [Worker-Main-10/INFO]: Preparing spawn area: 3%
[12:00:38] [Worker-Main-9/INFO]: Preparing spawn area: 4%
[12:00:38] [Worker-Main-11/INFO]: Preparing spawn area: 7%
[12:00:39] [Worker-Main-13/INFO]: Preparing spawn area: 15%
[12:00:39] [Worker-Main-8/INFO]: Preparing spawn area: 22%
[12:00:40] [Worker-Main-10/INFO]: Preparing spawn area: 49%
[12:00:40] [Worker-Main-8/INFO]: Preparing spawn area: 71%
[12:00:41] [Worker-Main-8/INFO]: Preparing spawn area: 72%
[12:00:41] [Worker-Main-12/INFO]: Preparing spawn area: 76%
[12:00:42] [Worker-Main-13/INFO]: Preparing spawn area: 76%
[12:00:42] [Worker-Main-14/INFO]: Preparing spawn area: 84%
[12:00:43] [Worker-Main-8/INFO]: Preparing spawn area: 86%
[12:00:43] [Worker-Main-10/INFO]: Preparing spawn area: 89%
[12:00:44] [Worker-Main-9/INFO]: Preparing spawn area: 90%
[12:00:44] [Worker-Main-8/INFO]: Preparing spawn area: 93%
[12:00:45] [Worker-Main-8/INFO]: Preparing spawn area: 98%
[12:00:45] [Server thread/INFO]: Time elapsed: 11718 ms
[12:00:45] [Server thread/INFO]: Preparing start region for dimension minecraft:the_end
[12:00:46] [Worker-Main-12/INFO]: Preparing spawn area: 0%
[12:00:46] [Worker-Main-10/INFO]: Preparing spawn area: 0%
[12:00:46] [Worker-Main-11/INFO]: Preparing spawn area: 0%
[12:00:47] [Worker-Main-8/INFO]: Preparing spawn area: 0%
[12:00:47] [Worker-Main-9/INFO]: Preparing spawn area: 3%
[12:00:48] [Worker-Main-12/INFO]: Preparing spawn area: 15%
[12:00:48] [Worker-Main-8/INFO]: Preparing spawn area: 47%
[12:00:49] [Worker-Main-13/INFO]: Preparing spawn area: 72%
[12:00:49] [Worker-Main-13/INFO]: Preparing spawn area: 84%
[12:00:50] [Worker-Main-8/INFO]: Preparing spawn area: 90%
[12:00:50] [Worker-Main-13/INFO]: Preparing spawn area: 98%
[12:00:50] [Server thread/INFO]: Time elapsed: 5307 ms
[12:00:50] [Server thread/INFO]: [herder] Enabling herder v1.0-SNAPSHOT
[12:00:50] [Server thread/WARN]: Initializing Legacy Material Support. Unless you have legacy plugins and/or data this is a bug!
[12:01:04] [Server thread/INFO]: [herder] =====================Event listeners alive=====================
[12:01:04] [Server thread/INFO]: [herder] =====================commands added=====================
[12:01:04] [Server thread/INFO]: [herder] @@@@@@@@@@@@@@@@@
[12:01:04] [Server thread/INFO]: [herder] @Plugin is alive@
[12:01:04] [Server thread/INFO]: [herder] @@@@@@@@@@@@@@@@@
[12:01:05] [Server thread/INFO]: Server permissions file permissions.yml is empty, ignoring it
[12:01:05] [Server thread/INFO]: Done (59.182s)! For help, type "help"
[12:01:13] [User Authenticator #1/INFO]: UUID of player nal00 is ade407eb-09e2-46ee-99ee-2cc310eb1ad9
[12:01:15] [Server thread/INFO]: nal00[/127.0.0.1:51872] logged in with entity id 295 at ([world]-68.81078193244622, 72.0, 248.66012378952468)
[12:01:20] [Server thread/WARN]: Can't keep up! Is the server overloaded? Running 5250ms or 105 ticks behind
[12:03:59] [Server thread/INFO]: CONSOLE: [0;31;1mPlease note that this command is not supported and may cause issues when using some plugins.[m
[12:03:59] [Server thread/INFO]: CONSOLE: [0;31;1mIf you encounter any issues please use the /stop command to restart your server.[m
[12:03:59] [Server thread/INFO]: Debug logging is disabled
[12:03:59] [Server thread/INFO]: Using 4 threads for Netty based IO
[12:03:59] [Server thread/INFO]: Server Ping Player Sample Count: 12
[12:03:59] [Server thread/INFO]: -------- World Settings For [world] --------
[12:03:59] [Server thread/INFO]: Entity Tracking Range: Pl 48 / An 48 / Mo 48 / Mi 32 / Other 64
[12:03:59] [Server thread/INFO]: Allow Zombie Pigmen to spawn from portal blocks: true
[12:03:59] [Server thread/INFO]: Item Despawn Rate: 6000
[12:03:59] [Server thread/INFO]: Item Merge Radius: 2.5
[12:03:59] [Server thread/INFO]: Zombie Aggressive Towards Villager: true
[12:03:59] [Server thread/INFO]: Mob Spawn Range: 6
[12:03:59] [Server thread/INFO]: Cactus Growth Modifier: 100%
[12:03:59] [Server thread/INFO]: Cane Growth Modifier: 100%
[12:03:59] [Server thread/INFO]: Melon Growth Modifier: 100%
[12:03:59] [Server thread/INFO]: Mushroom Growth Modifier: 100%
[12:03:59] [Server thread/INFO]: Pumpkin Growth Modifier: 100%
[12:03:59] [Server thread/INFO]: Sapling Growth Modifier: 100%
[12:03:59] [Server thread/INFO]: Beetroot Growth Modifier: 100%
[12:03:59] [Server thread/INFO]: Carrot Growth Modifier: 100%
[12:03:59] [Server thread/INFO]: Potato Growth Modifier: 100%
[12:03:59] [Server thread/INFO]: Wheat Growth Modifier: 100%
[12:03:59] [Server thread/INFO]: NetherWart Growth Modifier: 100%
[12:03:59] [Server thread/INFO]: Vine Growth Modifier: 100%
[12:03:59] [Server thread/INFO]: Cocoa Growth Modifier: 100%
[12:03:59] [Server thread/INFO]: Bamboo Growth Modifier: 100%
[12:03:59] [Server thread/INFO]: SweetBerry Growth Modifier: 100%
[12:03:59] [Server thread/INFO]: Kelp Growth Modifier: 100%
[12:03:59] [Server thread/INFO]: Experience Merge Radius: 3.0
[12:03:59] [Server thread/INFO]: Entity Activation Range: An 32 / Mo 32 / Ra 48 / Mi 16 / Tiv true
[12:03:59] [Server thread/INFO]: Hopper Transfer: 8 Hopper Check: 1 Hopper Amount: 1
[12:03:59] [Server thread/INFO]: Custom Map Seeds:  Village: 10387312 Desert: 14357617 Igloo: 14357618 Jungle: 14357619 Swamp: 14357620 Monument: 10387313 Ocean: 14357621 Shipwreck: 165745295 End City: 10387313 Slime: 987234911 Bastion: 30084232 Fortress: 30084232 Mansion: 10387319 Fossil: 14357921 Portal: 34222645
[12:03:59] [Server thread/INFO]: Max TNT Explosions: 100
[12:03:59] [Server thread/INFO]: Tile Max Tick Time: 50ms Entity max Tick Time: 50ms
[12:03:59] [Server thread/INFO]: View Distance: 10
[12:03:59] [Server thread/INFO]: Arrow Despawn Rate: 1200 Trident Respawn Rate:1200
[12:03:59] [Server thread/INFO]: Nerfing mobs spawned from spawners: false
[12:03:59] [Server thread/INFO]: -------- World Settings For [world_nether] --------
[12:03:59] [Server thread/INFO]: Entity Tracking Range: Pl 48 / An 48 / Mo 48 / Mi 32 / Other 64
[12:03:59] [Server thread/INFO]: Allow Zombie Pigmen to spawn from portal blocks: true
[12:03:59] [Server thread/INFO]: Item Despawn Rate: 6000
[12:03:59] [Server thread/INFO]: Item Merge Radius: 2.5
[12:03:59] [Server thread/INFO]: Zombie Aggressive Towards Villager: true
[12:03:59] [Server thread/INFO]: Mob Spawn Range: 6
[12:03:59] [Server thread/INFO]: Cactus Growth Modifier: 100%
[12:03:59] [Server thread/INFO]: Cane Growth Modifier: 100%
[12:03:59] [Server thread/INFO]: Melon Growth Modifier: 100%
[12:03:59] [Server thread/INFO]: Mushroom Growth Modifier: 100%
[12:03:59] [Server thread/INFO]: Pumpkin Growth Modifier: 100%
[12:03:59] [Server thread/INFO]: Sapling Growth Modifier: 100%
[12:03:59] [Server thread/INFO]: Beetroot Growth Modifier: 100%
[12:03:59] [Server thread/INFO]: Carrot Growth Modifier: 100%
[12:03:59] [Server thread/INFO]: Potato Growth Modifier: 100%
[12:03:59] [Server thread/INFO]: Wheat Growth Modifier: 100%
[12:03:59] [Server thread/INFO]: NetherWart Growth Modifier: 100%
[12:03:59] [Server thread/INFO]: Vine Growth Modifier: 100%
[12:03:59] [Server thread/INFO]: Cocoa Growth Modifier: 100%
[12:03:59] [Server thread/INFO]: Bamboo Growth Modifier: 100%
[12:03:59] [Server thread/INFO]: SweetBerry Growth Modifier: 100%
[12:03:59] [Server thread/INFO]: Kelp Growth Modifier: 100%
[12:03:59] [Server thread/INFO]: Experience Merge Radius: 3.0
[12:03:59] [Server thread/INFO]: Entity Activation Range: An 32 / Mo 32 / Ra 48 / Mi 16 / Tiv true
[12:03:59] [Server thread/INFO]: Hopper Transfer: 8 Hopper Check: 1 Hopper Amount: 1
[12:03:59] [Server thread/INFO]: Custom Map Seeds:  Village: 10387312 Desert: 14357617 Igloo: 14357618 Jungle: 14357619 Swamp: 14357620 Monument: 10387313 Ocean: 14357621 Shipwreck: 165745295 End City: 10387313 Slime: 987234911 Bastion: 30084232 Fortress: 30084232 Mansion: 10387319 Fossil: 14357921 Portal: 34222645
[12:03:59] [Server thread/INFO]: Max TNT Explosions: 100
[12:03:59] [Server thread/INFO]: Tile Max Tick Time: 50ms Entity max Tick Time: 50ms
[12:03:59] [Server thread/INFO]: View Distance: 10
[12:03:59] [Server thread/INFO]: Arrow Despawn Rate: 1200 Trident Respawn Rate:1200
[12:03:59] [Server thread/INFO]: Nerfing mobs spawned from spawners: false
[12:03:59] [Server thread/INFO]: -------- World Settings For [world_the_end] --------
[12:03:59] [Server thread/INFO]: Entity Tracking Range: Pl 48 / An 48 / Mo 48 / Mi 32 / Other 64
[12:03:59] [Server thread/INFO]: Allow Zombie Pigmen to spawn from portal blocks: true
[12:03:59] [Server thread/INFO]: Item Despawn Rate: 6000
[12:03:59] [Server thread/INFO]: Item Merge Radius: 2.5
[12:03:59] [Server thread/INFO]: Zombie Aggressive Towards Villager: true
[12:03:59] [Server thread/INFO]: Mob Spawn Range: 6
[12:03:59] [Server thread/INFO]: Cactus Growth Modifier: 100%
[12:03:59] [Server thread/INFO]: Cane Growth Modifier: 100%
[12:03:59] [Server thread/INFO]: Melon Growth Modifier: 100%
[12:03:59] [Server thread/INFO]: Mushroom Growth Modifier: 100%
[12:03:59] [Server thread/INFO]: Pumpkin Growth Modifier: 100%
[12:03:59] [Server thread/INFO]: Sapling Growth Modifier: 100%
[12:03:59] [Server thread/INFO]: Beetroot Growth Modifier: 100%
[12:03:59] [Server thread/INFO]: Carrot Growth Modifier: 100%
[12:03:59] [Server thread/INFO]: Potato Growth Modifier: 100%
[12:03:59] [Server thread/INFO]: Wheat Growth Modifier: 100%
[12:03:59] [Server thread/INFO]: NetherWart Growth Modifier: 100%
[12:03:59] [Server thread/INFO]: Vine Growth Modifier: 100%
[12:03:59] [Server thread/INFO]: Cocoa Growth Modifier: 100%
[12:03:59] [Server thread/INFO]: Bamboo Growth Modifier: 100%
[12:03:59] [Server thread/INFO]: SweetBerry Growth Modifier: 100%
[12:03:59] [Server thread/INFO]: Kelp Growth Modifier: 100%
[12:03:59] [Server thread/INFO]: Experience Merge Radius: 3.0
[12:03:59] [Server thread/INFO]: Entity Activation Range: An 32 / Mo 32 / Ra 48 / Mi 16 / Tiv true
[12:03:59] [Server thread/INFO]: Hopper Transfer: 8 Hopper Check: 1 Hopper Amount: 1
[12:03:59] [Server thread/INFO]: Custom Map Seeds:  Village: 10387312 Desert: 14357617 Igloo: 14357618 Jungle: 14357619 Swamp: 14357620 Monument: 10387313 Ocean: 14357621 Shipwreck: 165745295 End City: 10387313 Slime: 987234911 Bastion: 30084232 Fortress: 30084232 Mansion: 10387319 Fossil: 14357921 Portal: 34222645
[12:03:59] [Server thread/INFO]: Max TNT Explosions: 100
[12:03:59] [Server thread/INFO]: Tile Max Tick Time: 50ms Entity max Tick Time: 50ms
[12:03:59] [Server thread/INFO]: View Distance: 10
[12:03:59] [Server thread/INFO]: Arrow Despawn Rate: 1200 Trident Respawn Rate:1200
[12:03:59] [Server thread/INFO]: Nerfing mobs spawned from spawners: false
[12:03:59] [Server thread/INFO]: [herder] Disabling herder v1.0-SNAPSHOT
[12:03:59] [Server thread/INFO]: [herder] @@@@@@@@@@@@@@@@@
[12:03:59] [Server thread/INFO]: [herder] @      bye      @
[12:03:59] [Server thread/INFO]: [herder] @@@@@@@@@@@@@@@@@
[12:03:59] [Server thread/INFO]: Reloading ResourceManager: Default, bukkit
[12:04:00] [Server thread/INFO]: Loaded 7 recipes
[12:04:03] [Server thread/INFO]: [herder] Loading herder v1.0-SNAPSHOT
[12:04:03] [Server thread/INFO]: [herder] Enabling herder v1.0-SNAPSHOT
[12:04:03] [Server thread/INFO]: [herder] =====================Event listeners alive=====================
[12:04:03] [Server thread/INFO]: [herder] =====================commands added=====================
[12:04:03] [Server thread/INFO]: [herder] @@@@@@@@@@@@@@@@@
[12:04:03] [Server thread/INFO]: [herder] @Plugin is alive@
[12:04:03] [Server thread/INFO]: [herder] @@@@@@@@@@@@@@@@@
[12:04:03] [Server thread/INFO]: Server permissions file permissions.yml is empty, ignoring it
[12:04:03] [Server thread/INFO]: CONSOLE: [0;32;1mReload complete.[m
[12:04:07] [Server thread/INFO]: CONSOLE: [0;31;1mPlease note that this command is not supported and may cause issues when using some plugins.[m
[12:04:07] [Server thread/INFO]: CONSOLE: [0;31;1mIf you encounter any issues please use the /stop command to restart your server.[m
[12:04:07] [Server thread/INFO]: Debug logging is disabled
[12:04:07] [Server thread/INFO]: Using 4 threads for Netty based IO
[12:04:07] [Server thread/INFO]: Server Ping Player Sample Count: 12
[12:04:07] [Server thread/INFO]: -------- World Settings For [world] --------
[12:04:07] [Server thread/INFO]: Entity Tracking Range: Pl 48 / An 48 / Mo 48 / Mi 32 / Other 64
[12:04:07] [Server thread/INFO]: Allow Zombie Pigmen to spawn from portal blocks: true
[12:04:07] [Server thread/INFO]: Item Despawn Rate: 6000
[12:04:07] [Server thread/INFO]: Item Merge Radius: 2.5
[12:04:07] [Server thread/INFO]: Zombie Aggressive Towards Villager: true
[12:04:07] [Server thread/INFO]: Mob Spawn Range: 6
[12:04:07] [Server thread/INFO]: Cactus Growth Modifier: 100%
[12:04:07] [Server thread/INFO]: Cane Growth Modifier: 100%
[12:04:07] [Server thread/INFO]: Melon Growth Modifier: 100%
[12:04:07] [Server thread/INFO]: Mushroom Growth Modifier: 100%
[12:04:07] [Server thread/INFO]: Pumpkin Growth Modifier: 100%
[12:04:07] [Server thread/INFO]: Sapling Growth Modifier: 100%
[12:04:07] [Server thread/INFO]: Beetroot Growth Modifier: 100%
[12:04:07] [Server thread/INFO]: Carrot Growth Modifier: 100%
[12:04:07] [Server thread/INFO]: Potato Growth Modifier: 100%
[12:04:07] [Server thread/INFO]: Wheat Growth Modifier: 100%
[12:04:07] [Server thread/INFO]: NetherWart Growth Modifier: 100%
[12:04:07] [Server thread/INFO]: Vine Growth Modifier: 100%
[12:04:07] [Server thread/INFO]: Cocoa Growth Modifier: 100%
[12:04:07] [Server thread/INFO]: Bamboo Growth Modifier: 100%
[12:04:07] [Server thread/INFO]: SweetBerry Growth Modifier: 100%
[12:04:07] [Server thread/INFO]: Kelp Growth Modifier: 100%
[12:04:07] [Server thread/INFO]: Experience Merge Radius: 3.0
[12:04:07] [Server thread/INFO]: Entity Activation Range: An 32 / Mo 32 / Ra 48 / Mi 16 / Tiv true
[12:04:07] [Server thread/INFO]: Hopper Transfer: 8 Hopper Check: 1 Hopper Amount: 1
[12:04:07] [Server thread/INFO]: Custom Map Seeds:  Village: 10387312 Desert: 14357617 Igloo: 14357618 Jungle: 14357619 Swamp: 14357620 Monument: 10387313 Ocean: 14357621 Shipwreck: 165745295 End City: 10387313 Slime: 987234911 Bastion: 30084232 Fortress: 30084232 Mansion: 10387319 Fossil: 14357921 Portal: 34222645
[12:04:07] [Server thread/INFO]: Max TNT Explosions: 100
[12:04:07] [Server thread/INFO]: Tile Max Tick Time: 50ms Entity max Tick Time: 50ms
[12:04:07] [Server thread/INFO]: View Distance: 10
[12:04:07] [Server thread/INFO]: Arrow Despawn Rate: 1200 Trident Respawn Rate:1200
[12:04:07] [Server thread/INFO]: Nerfing mobs spawned from spawners: false
[12:04:07] [Server thread/INFO]: -------- World Settings For [world_nether] --------
[12:04:07] [Server thread/INFO]: Entity Tracking Range: Pl 48 / An 48 / Mo 48 / Mi 32 / Other 64
[12:04:07] [Server thread/INFO]: Allow Zombie Pigmen to spawn from portal blocks: true
[12:04:07] [Server thread/INFO]: Item Despawn Rate: 6000
[12:04:07] [Server thread/INFO]: Item Merge Radius: 2.5
[12:04:07] [Server thread/INFO]: Zombie Aggressive Towards Villager: true
[12:04:07] [Server thread/INFO]: Mob Spawn Range: 6
[12:04:07] [Server thread/INFO]: Cactus Growth Modifier: 100%
[12:04:07] [Server thread/INFO]: Cane Growth Modifier: 100%
[12:04:07] [Server thread/INFO]: Melon Growth Modifier: 100%
[12:04:07] [Server thread/INFO]: Mushroom Growth Modifier: 100%
[12:04:07] [Server thread/INFO]: Pumpkin Growth Modifier: 100%
[12:04:07] [Server thread/INFO]: Sapling Growth Modifier: 100%
[12:04:07] [Server thread/INFO]: Beetroot Growth Modifier: 100%
[12:04:07] [Server thread/INFO]: Carrot Growth Modifier: 100%
[12:04:07] [Server thread/INFO]: Potato Growth Modifier: 100%
[12:04:07] [Server thread/INFO]: Wheat Growth Modifier: 100%
[12:04:07] [Server thread/INFO]: NetherWart Growth Modifier: 100%
[12:04:07] [Server thread/INFO]: Vine Growth Modifier: 100%
[12:04:07] [Server thread/INFO]: Cocoa Growth Modifier: 100%
[12:04:07] [Server thread/INFO]: Bamboo Growth Modifier: 100%
[12:04:07] [Server thread/INFO]: SweetBerry Growth Modifier: 100%
[12:04:07] [Server thread/INFO]: Kelp Growth Modifier: 100%
[12:04:07] [Server thread/INFO]: Experience Merge Radius: 3.0
[12:04:07] [Server thread/INFO]: Entity Activation Range: An 32 / Mo 32 / Ra 48 / Mi 16 / Tiv true
[12:04:07] [Server thread/INFO]: Hopper Transfer: 8 Hopper Check: 1 Hopper Amount: 1
[12:04:07] [Server thread/INFO]: Custom Map Seeds:  Village: 10387312 Desert: 14357617 Igloo: 14357618 Jungle: 14357619 Swamp: 14357620 Monument: 10387313 Ocean: 14357621 Shipwreck: 165745295 End City: 10387313 Slime: 987234911 Bastion: 30084232 Fortress: 30084232 Mansion: 10387319 Fossil: 14357921 Portal: 34222645
[12:04:07] [Server thread/INFO]: Max TNT Explosions: 100
[12:04:07] [Server thread/INFO]: Tile Max Tick Time: 50ms Entity max Tick Time: 50ms
[12:04:07] [Server thread/INFO]: View Distance: 10
[12:04:07] [Server thread/INFO]: Arrow Despawn Rate: 1200 Trident Respawn Rate:1200
[12:04:07] [Server thread/INFO]: Nerfing mobs spawned from spawners: false
[12:04:07] [Server thread/INFO]: -------- World Settings For [world_the_end] --------
[12:04:07] [Server thread/INFO]: Entity Tracking Range: Pl 48 / An 48 / Mo 48 / Mi 32 / Other 64
[12:04:07] [Server thread/INFO]: Allow Zombie Pigmen to spawn from portal blocks: true
[12:04:07] [Server thread/INFO]: Item Despawn Rate: 6000
[12:04:07] [Server thread/INFO]: Item Merge Radius: 2.5
[12:04:07] [Server thread/INFO]: Zombie Aggressive Towards Villager: true
[12:04:07] [Server thread/INFO]: Mob Spawn Range: 6
[12:04:07] [Server thread/INFO]: Cactus Growth Modifier: 100%
[12:04:07] [Server thread/INFO]: Cane Growth Modifier: 100%
[12:04:07] [Server thread/INFO]: Melon Growth Modifier: 100%
[12:04:07] [Server thread/INFO]: Mushroom Growth Modifier: 100%
[12:04:07] [Server thread/INFO]: Pumpkin Growth Modifier: 100%
[12:04:07] [Server thread/INFO]: Sapling Growth Modifier: 100%
[12:04:07] [Server thread/INFO]: Beetroot Growth Modifier: 100%
[12:04:07] [Server thread/INFO]: Carrot Growth Modifier: 100%
[12:04:07] [Server thread/INFO]: Potato Growth Modifier: 100%
[12:04:07] [Server thread/INFO]: Wheat Growth Modifier: 100%
[12:04:07] [Server thread/INFO]: NetherWart Growth Modifier: 100%
[12:04:07] [Server thread/INFO]: Vine Growth Modifier: 100%
[12:04:07] [Server thread/INFO]: Cocoa Growth Modifier: 100%
[12:04:07] [Server thread/INFO]: Bamboo Growth Modifier: 100%
[12:04:07] [Server thread/INFO]: SweetBerry Growth Modifier: 100%
[12:04:07] [Server thread/INFO]: Kelp Growth Modifier: 100%
[12:04:07] [Server thread/INFO]: Experience Merge Radius: 3.0
[12:04:07] [Server thread/INFO]: Entity Activation Range: An 32 / Mo 32 / Ra 48 / Mi 16 / Tiv true
[12:04:07] [Server thread/INFO]: Hopper Transfer: 8 Hopper Check: 1 Hopper Amount: 1
[12:04:07] [Server thread/INFO]: Custom Map Seeds:  Village: 10387312 Desert: 14357617 Igloo: 14357618 Jungle: 14357619 Swamp: 14357620 Monument: 10387313 Ocean: 14357621 Shipwreck: 165745295 End City: 10387313 Slime: 987234911 Bastion: 30084232 Fortress: 30084232 Mansion: 10387319 Fossil: 14357921 Portal: 34222645
[12:04:07] [Server thread/INFO]: Max TNT Explosions: 100
[12:04:07] [Server thread/INFO]: Tile Max Tick Time: 50ms Entity max Tick Time: 50ms
[12:04:07] [Server thread/INFO]: View Distance: 10
[12:04:07] [Server thread/INFO]: Arrow Despawn Rate: 1200 Trident Respawn Rate:1200
[12:04:07] [Server thread/INFO]: Nerfing mobs spawned from spawners: false
[12:04:07] [Server thread/INFO]: [herder] Disabling herder v1.0-SNAPSHOT
[12:04:07] [Server thread/INFO]: [herder] @@@@@@@@@@@@@@@@@
[12:04:07] [Server thread/INFO]: [herder] @      bye      @
[12:04:07] [Server thread/INFO]: [herder] @@@@@@@@@@@@@@@@@
[12:04:07] [Server thread/INFO]: Reloading ResourceManager: Default, bukkit
[12:04:08] [Server thread/INFO]: Loaded 7 recipes
[12:04:09] [Server thread/INFO]: [herder] Loading herder v1.0-SNAPSHOT
[12:04:09] [Server thread/INFO]: [herder] Enabling herder v1.0-SNAPSHOT
[12:04:09] [Server thread/INFO]: [herder] =====================Event listeners alive=====================
[12:04:09] [Server thread/INFO]: [herder] =====================commands added=====================
[12:04:09] [Server thread/INFO]: [herder] @@@@@@@@@@@@@@@@@
[12:04:09] [Server thread/INFO]: [herder] @Plugin is alive@
[12:04:09] [Server thread/INFO]: [herder] @@@@@@@@@@@@@@@@@
[12:04:09] [Server thread/INFO]: Server permissions file permissions.yml is empty, ignoring it
[12:04:09] [Server thread/INFO]: CONSOLE: [0;32;1mReload complete.[m
[12:04:59] [Server thread/INFO]: CONSOLE: [0;31;1mPlease note that this command is not supported and may cause issues when using some plugins.[m
[12:04:59] [Server thread/INFO]: CONSOLE: [0;31;1mIf you encounter any issues please use the /stop command to restart your server.[m
[12:04:59] [Server thread/INFO]: Debug logging is disabled
[12:04:59] [Server thread/INFO]: Using 4 threads for Netty based IO
[12:04:59] [Server thread/INFO]: Server Ping Player Sample Count: 12
[12:04:59] [Server thread/INFO]: -------- World Settings For [world] --------
[12:04:59] [Server thread/INFO]: Entity Tracking Range: Pl 48 / An 48 / Mo 48 / Mi 32 / Other 64
[12:04:59] [Server thread/INFO]: Allow Zombie Pigmen to spawn from portal blocks: true
[12:04:59] [Server thread/INFO]: Item Despawn Rate: 6000
[12:04:59] [Server thread/INFO]: Item Merge Radius: 2.5
[12:04:59] [Server thread/INFO]: Zombie Aggressive Towards Villager: true
[12:04:59] [Server thread/INFO]: Mob Spawn Range: 6
[12:04:59] [Server thread/INFO]: Cactus Growth Modifier: 100%
[12:04:59] [Server thread/INFO]: Cane Growth Modifier: 100%
[12:04:59] [Server thread/INFO]: Melon Growth Modifier: 100%
[12:04:59] [Server thread/INFO]: Mushroom Growth Modifier: 100%
[12:04:59] [Server thread/INFO]: Pumpkin Growth Modifier: 100%
[12:04:59] [Server thread/INFO]: Sapling Growth Modifier: 100%
[12:04:59] [Server thread/INFO]: Beetroot Growth Modifier: 100%
[12:04:59] [Server thread/INFO]: Carrot Growth Modifier: 100%
[12:04:59] [Server thread/INFO]: Potato Growth Modifier: 100%
[12:04:59] [Server thread/INFO]: Wheat Growth Modifier: 100%
[12:04:59] [Server thread/INFO]: NetherWart Growth Modifier: 100%
[12:04:59] [Server thread/INFO]: Vine Growth Modifier: 100%
[12:04:59] [Server thread/INFO]: Cocoa Growth Modifier: 100%
[12:04:59] [Server thread/INFO]: Bamboo Growth Modifier: 100%
[12:04:59] [Server thread/INFO]: SweetBerry Growth Modifier: 100%
[12:04:59] [Server thread/INFO]: Kelp Growth Modifier: 100%
[12:04:59] [Server thread/INFO]: Experience Merge Radius: 3.0
[12:04:59] [Server thread/INFO]: Entity Activation Range: An 32 / Mo 32 / Ra 48 / Mi 16 / Tiv true
[12:04:59] [Server thread/INFO]: Hopper Transfer: 8 Hopper Check: 1 Hopper Amount: 1
[12:04:59] [Server thread/INFO]: Custom Map Seeds:  Village: 10387312 Desert: 14357617 Igloo: 14357618 Jungle: 14357619 Swamp: 14357620 Monument: 10387313 Ocean: 14357621 Shipwreck: 165745295 End City: 10387313 Slime: 987234911 Bastion: 30084232 Fortress: 30084232 Mansion: 10387319 Fossil: 14357921 Portal: 34222645
[12:04:59] [Server thread/INFO]: Max TNT Explosions: 100
[12:04:59] [Server thread/INFO]: Tile Max Tick Time: 50ms Entity max Tick Time: 50ms
[12:04:59] [Server thread/INFO]: View Distance: 10
[12:04:59] [Server thread/INFO]: Arrow Despawn Rate: 1200 Trident Respawn Rate:1200
[12:04:59] [Server thread/INFO]: Nerfing mobs spawned from spawners: false
[12:04:59] [Server thread/INFO]: -------- World Settings For [world_nether] --------
[12:04:59] [Server thread/INFO]: Entity Tracking Range: Pl 48 / An 48 / Mo 48 / Mi 32 / Other 64
[12:04:59] [Server thread/INFO]: Allow Zombie Pigmen to spawn from portal blocks: true
[12:04:59] [Server thread/INFO]: Item Despawn Rate: 6000
[12:04:59] [Server thread/INFO]: Item Merge Radius: 2.5
[12:04:59] [Server thread/INFO]: Zombie Aggressive Towards Villager: true
[12:04:59] [Server thread/INFO]: Mob Spawn Range: 6
[12:04:59] [Server thread/INFO]: Cactus Growth Modifier: 100%
[12:04:59] [Server thread/INFO]: Cane Growth Modifier: 100%
[12:04:59] [Server thread/INFO]: Melon Growth Modifier: 100%
[12:04:59] [Server thread/INFO]: Mushroom Growth Modifier: 100%
[12:04:59] [Server thread/INFO]: Pumpkin Growth Modifier: 100%
[12:04:59] [Server thread/INFO]: Sapling Growth Modifier: 100%
[12:04:59] [Server thread/INFO]: Beetroot Growth Modifier: 100%
[12:04:59] [Server thread/INFO]: Carrot Growth Modifier: 100%
[12:04:59] [Server thread/INFO]: Potato Growth Modifier: 100%
[12:04:59] [Server thread/INFO]: Wheat Growth Modifier: 100%
[12:04:59] [Server thread/INFO]: NetherWart Growth Modifier: 100%
[12:04:59] [Server thread/INFO]: Vine Growth Modifier: 100%
[12:04:59] [Server thread/INFO]: Cocoa Growth Modifier: 100%
[12:04:59] [Server thread/INFO]: Bamboo Growth Modifier: 100%
[12:04:59] [Server thread/INFO]: SweetBerry Growth Modifier: 100%
[12:04:59] [Server thread/INFO]: Kelp Growth Modifier: 100%
[12:04:59] [Server thread/INFO]: Experience Merge Radius: 3.0
[12:04:59] [Server thread/INFO]: Entity Activation Range: An 32 / Mo 32 / Ra 48 / Mi 16 / Tiv true
[12:04:59] [Server thread/INFO]: Hopper Transfer: 8 Hopper Check: 1 Hopper Amount: 1
[12:04:59] [Server thread/INFO]: Custom Map Seeds:  Village: 10387312 Desert: 14357617 Igloo: 14357618 Jungle: 14357619 Swamp: 14357620 Monument: 10387313 Ocean: 14357621 Shipwreck: 165745295 End City: 10387313 Slime: 987234911 Bastion: 30084232 Fortress: 30084232 Mansion: 10387319 Fossil: 14357921 Portal: 34222645
[12:04:59] [Server thread/INFO]: Max TNT Explosions: 100
[12:04:59] [Server thread/INFO]: Tile Max Tick Time: 50ms Entity max Tick Time: 50ms
[12:04:59] [Server thread/INFO]: View Distance: 10
[12:04:59] [Server thread/INFO]: Arrow Despawn Rate: 1200 Trident Respawn Rate:1200
[12:04:59] [Server thread/INFO]: Nerfing mobs spawned from spawners: false
[12:04:59] [Server thread/INFO]: -------- World Settings For [world_the_end] --------
[12:04:59] [Server thread/INFO]: Entity Tracking Range: Pl 48 / An 48 / Mo 48 / Mi 32 / Other 64
[12:04:59] [Server thread/INFO]: Allow Zombie Pigmen to spawn from portal blocks: true
[12:04:59] [Server thread/INFO]: Item Despawn Rate: 6000
[12:04:59] [Server thread/INFO]: Item Merge Radius: 2.5
[12:04:59] [Server thread/INFO]: Zombie Aggressive Towards Villager: true
[12:04:59] [Server thread/INFO]: Mob Spawn Range: 6
[12:04:59] [Server thread/INFO]: Cactus Growth Modifier: 100%
[12:04:59] [Server thread/INFO]: Cane Growth Modifier: 100%
[12:04:59] [Server thread/INFO]: Melon Growth Modifier: 100%
[12:04:59] [Server thread/INFO]: Mushroom Growth Modifier: 100%
[12:04:59] [Server thread/INFO]: Pumpkin Growth Modifier: 100%
[12:04:59] [Server thread/INFO]: Sapling Growth Modifier: 100%
[12:04:59] [Server thread/INFO]: Beetroot Growth Modifier: 100%
[12:04:59] [Server thread/INFO]: Carrot Growth Modifier: 100%
[12:04:59] [Server thread/INFO]: Potato Growth Modifier: 100%
[12:04:59] [Server thread/INFO]: Wheat Growth Modifier: 100%
[12:04:59] [Server thread/INFO]: NetherWart Growth Modifier: 100%
[12:04:59] [Server thread/INFO]: Vine Growth Modifier: 100%
[12:04:59] [Server thread/INFO]: Cocoa Growth Modifier: 100%
[12:04:59] [Server thread/INFO]: Bamboo Growth Modifier: 100%
[12:04:59] [Server thread/INFO]: SweetBerry Growth Modifier: 100%
[12:04:59] [Server thread/INFO]: Kelp Growth Modifier: 100%
[12:04:59] [Server thread/INFO]: Experience Merge Radius: 3.0
[12:04:59] [Server thread/INFO]: Entity Activation Range: An 32 / Mo 32 / Ra 48 / Mi 16 / Tiv true
[12:04:59] [Server thread/INFO]: Hopper Transfer: 8 Hopper Check: 1 Hopper Amount: 1
[12:04:59] [Server thread/INFO]: Custom Map Seeds:  Village: 10387312 Desert: 14357617 Igloo: 14357618 Jungle: 14357619 Swamp: 14357620 Monument: 10387313 Ocean: 14357621 Shipwreck: 165745295 End City: 10387313 Slime: 987234911 Bastion: 30084232 Fortress: 30084232 Mansion: 10387319 Fossil: 14357921 Portal: 34222645
[12:04:59] [Server thread/INFO]: Max TNT Explosions: 100
[12:04:59] [Server thread/INFO]: Tile Max Tick Time: 50ms Entity max Tick Time: 50ms
[12:04:59] [Server thread/INFO]: View Distance: 10
[12:04:59] [Server thread/INFO]: Arrow Despawn Rate: 1200 Trident Respawn Rate:1200
[12:04:59] [Server thread/INFO]: Nerfing mobs spawned from spawners: false
[12:04:59] [Server thread/INFO]: [herder] Disabling herder v1.0-SNAPSHOT
[12:04:59] [Server thread/INFO]: [herder] @@@@@@@@@@@@@@@@@
[12:04:59] [Server thread/INFO]: [herder] @      bye      @
[12:04:59] [Server thread/INFO]: [herder] @@@@@@@@@@@@@@@@@
[12:04:59] [Server thread/INFO]: Reloading ResourceManager: Default, bukkit
[12:05:00] [Server thread/INFO]: Loaded 7 recipes
[12:05:01] [Server thread/INFO]: [herder] Loading herder v1.0-SNAPSHOT
[12:05:01] [Server thread/INFO]: [herder] Enabling herder v1.0-SNAPSHOT
[12:05:01] [Server thread/INFO]: [herder] =====================Event listeners alive=====================
[12:05:01] [Server thread/INFO]: [herder] =====================commands added=====================
[12:05:01] [Server thread/INFO]: [herder] @@@@@@@@@@@@@@@@@
[12:05:01] [Server thread/INFO]: [herder] @Plugin is alive@
[12:05:01] [Server thread/INFO]: [herder] @@@@@@@@@@@@@@@@@
[12:05:01] [Server thread/INFO]: Server permissions file permissions.yml is empty, ignoring it
[12:05:01] [Server thread/INFO]: CONSOLE: [0;32;1mReload complete.[m
[12:05:08] [Server thread/INFO]: CONSOLE: [0;31;1mPlease note that this command is not supported and may cause issues when using some plugins.[m
[12:05:08] [Server thread/INFO]: CONSOLE: [0;31;1mIf you encounter any issues please use the /stop command to restart your server.[m
[12:05:08] [Server thread/INFO]: Debug logging is disabled
[12:05:08] [Server thread/INFO]: Using 4 threads for Netty based IO
[12:05:08] [Server thread/INFO]: Server Ping Player Sample Count: 12
[12:05:08] [Server thread/INFO]: -------- World Settings For [world] --------
[12:05:08] [Server thread/INFO]: Entity Tracking Range: Pl 48 / An 48 / Mo 48 / Mi 32 / Other 64
[12:05:08] [Server thread/INFO]: Allow Zombie Pigmen to spawn from portal blocks: true
[12:05:08] [Server thread/INFO]: Item Despawn Rate: 6000
[12:05:08] [Server thread/INFO]: Item Merge Radius: 2.5
[12:05:08] [Server thread/INFO]: Zombie Aggressive Towards Villager: true
[12:05:08] [Server thread/INFO]: Mob Spawn Range: 6
[12:05:08] [Server thread/INFO]: Cactus Growth Modifier: 100%
[12:05:08] [Server thread/INFO]: Cane Growth Modifier: 100%
[12:05:08] [Server thread/INFO]: Melon Growth Modifier: 100%
[12:05:08] [Server thread/INFO]: Mushroom Growth Modifier: 100%
[12:05:08] [Server thread/INFO]: Pumpkin Growth Modifier: 100%
[12:05:08] [Server thread/INFO]: Sapling Growth Modifier: 100%
[12:05:08] [Server thread/INFO]: Beetroot Growth Modifier: 100%
[12:05:08] [Server thread/INFO]: Carrot Growth Modifier: 100%
[12:05:08] [Server thread/INFO]: Potato Growth Modifier: 100%
[12:05:08] [Server thread/INFO]: Wheat Growth Modifier: 100%
[12:05:08] [Server thread/INFO]: NetherWart Growth Modifier: 100%
[12:05:08] [Server thread/INFO]: Vine Growth Modifier: 100%
[12:05:08] [Server thread/INFO]: Cocoa Growth Modifier: 100%
[12:05:08] [Server thread/INFO]: Bamboo Growth Modifier: 100%
[12:05:08] [Server thread/INFO]: SweetBerry Growth Modifier: 100%
[12:05:08] [Server thread/INFO]: Kelp Growth Modifier: 100%
[12:05:08] [Server thread/INFO]: Experience Merge Radius: 3.0
[12:05:08] [Server thread/INFO]: Entity Activation Range: An 32 / Mo 32 / Ra 48 / Mi 16 / Tiv true
[12:05:08] [Server thread/INFO]: Hopper Transfer: 8 Hopper Check: 1 Hopper Amount: 1
[12:05:08] [Server thread/INFO]: Custom Map Seeds:  Village: 10387312 Desert: 14357617 Igloo: 14357618 Jungle: 14357619 Swamp: 14357620 Monument: 10387313 Ocean: 14357621 Shipwreck: 165745295 End City: 10387313 Slime: 987234911 Bastion: 30084232 Fortress: 30084232 Mansion: 10387319 Fossil: 14357921 Portal: 34222645
[12:05:08] [Server thread/INFO]: Max TNT Explosions: 100
[12:05:08] [Server thread/INFO]: Tile Max Tick Time: 50ms Entity max Tick Time: 50ms
[12:05:08] [Server thread/INFO]: View Distance: 10
[12:05:08] [Server thread/INFO]: Arrow Despawn Rate: 1200 Trident Respawn Rate:1200
[12:05:08] [Server thread/INFO]: Nerfing mobs spawned from spawners: false
[12:05:08] [Server thread/INFO]: -------- World Settings For [world_nether] --------
[12:05:08] [Server thread/INFO]: Entity Tracking Range: Pl 48 / An 48 / Mo 48 / Mi 32 / Other 64
[12:05:08] [Server thread/INFO]: Allow Zombie Pigmen to spawn from portal blocks: true
[12:05:08] [Server thread/INFO]: Item Despawn Rate: 6000
[12:05:08] [Server thread/INFO]: Item Merge Radius: 2.5
[12:05:08] [Server thread/INFO]: Zombie Aggressive Towards Villager: true
[12:05:08] [Server thread/INFO]: Mob Spawn Range: 6
[12:05:08] [Server thread/INFO]: Cactus Growth Modifier: 100%
[12:05:08] [Server thread/INFO]: Cane Growth Modifier: 100%
[12:05:08] [Server thread/INFO]: Melon Growth Modifier: 100%
[12:05:08] [Server thread/INFO]: Mushroom Growth Modifier: 100%
[12:05:08] [Server thread/INFO]: Pumpkin Growth Modifier: 100%
[12:05:08] [Server thread/INFO]: Sapling Growth Modifier: 100%
[12:05:08] [Server thread/INFO]: Beetroot Growth Modifier: 100%
[12:05:08] [Server thread/INFO]: Carrot Growth Modifier: 100%
[12:05:08] [Server thread/INFO]: Potato Growth Modifier: 100%
[12:05:08] [Server thread/INFO]: Wheat Growth Modifier: 100%
[12:05:08] [Server thread/INFO]: NetherWart Growth Modifier: 100%
[12:05:08] [Server thread/INFO]: Vine Growth Modifier: 100%
[12:05:08] [Server thread/INFO]: Cocoa Growth Modifier: 100%
[12:05:08] [Server thread/INFO]: Bamboo Growth Modifier: 100%
[12:05:08] [Server thread/INFO]: SweetBerry Growth Modifier: 100%
[12:05:08] [Server thread/INFO]: Kelp Growth Modifier: 100%
[12:05:08] [Server thread/INFO]: Experience Merge Radius: 3.0
[12:05:08] [Server thread/INFO]: Entity Activation Range: An 32 / Mo 32 / Ra 48 / Mi 16 / Tiv true
[12:05:08] [Server thread/INFO]: Hopper Transfer: 8 Hopper Check: 1 Hopper Amount: 1
[12:05:08] [Server thread/INFO]: Custom Map Seeds:  Village: 10387312 Desert: 14357617 Igloo: 14357618 Jungle: 14357619 Swamp: 14357620 Monument: 10387313 Ocean: 14357621 Shipwreck: 165745295 End City: 10387313 Slime: 987234911 Bastion: 30084232 Fortress: 30084232 Mansion: 10387319 Fossil: 14357921 Portal: 34222645
[12:05:08] [Server thread/INFO]: Max TNT Explosions: 100
[12:05:08] [Server thread/INFO]: Tile Max Tick Time: 50ms Entity max Tick Time: 50ms
[12:05:08] [Server thread/INFO]: View Distance: 10
[12:05:08] [Server thread/INFO]: Arrow Despawn Rate: 1200 Trident Respawn Rate:1200
[12:05:08] [Server thread/INFO]: Nerfing mobs spawned from spawners: false
[12:05:08] [Server thread/INFO]: -------- World Settings For [world_the_end] --------
[12:05:08] [Server thread/INFO]: Entity Tracking Range: Pl 48 / An 48 / Mo 48 / Mi 32 / Other 64
[12:05:08] [Server thread/INFO]: Allow Zombie Pigmen to spawn from portal blocks: true
[12:05:08] [Server thread/INFO]: Item Despawn Rate: 6000
[12:05:08] [Server thread/INFO]: Item Merge Radius: 2.5
[12:05:08] [Server thread/INFO]: Zombie Aggressive Towards Villager: true
[12:05:08] [Server thread/INFO]: Mob Spawn Range: 6
[12:05:08] [Server thread/INFO]: Cactus Growth Modifier: 100%
[12:05:08] [Server thread/INFO]: Cane Growth Modifier: 100%
[12:05:08] [Server thread/INFO]: Melon Growth Modifier: 100%
[12:05:08] [Server thread/INFO]: Mushroom Growth Modifier: 100%
[12:05:08] [Server thread/INFO]: Pumpkin Growth Modifier: 100%
[12:05:08] [Server thread/INFO]: Sapling Growth Modifier: 100%
[12:05:08] [Server thread/INFO]: Beetroot Growth Modifier: 100%
[12:05:08] [Server thread/INFO]: Carrot Growth Modifier: 100%
[12:05:08] [Server thread/INFO]: Potato Growth Modifier: 100%
[12:05:08] [Server thread/INFO]: Wheat Growth Modifier: 100%
[12:05:08] [Server thread/INFO]: NetherWart Growth Modifier: 100%
[12:05:08] [Server thread/INFO]: Vine Growth Modifier: 100%
[12:05:08] [Server thread/INFO]: Cocoa Growth Modifier: 100%
[12:05:08] [Server thread/INFO]: Bamboo Growth Modifier: 100%
[12:05:08] [Server thread/INFO]: SweetBerry Growth Modifier: 100%
[12:05:08] [Server thread/INFO]: Kelp Growth Modifier: 100%
[12:05:08] [Server thread/INFO]: Experience Merge Radius: 3.0
[12:05:08] [Server thread/INFO]: Entity Activation Range: An 32 / Mo 32 / Ra 48 / Mi 16 / Tiv true
[12:05:08] [Server thread/INFO]: Hopper Transfer: 8 Hopper Check: 1 Hopper Amount: 1
[12:05:08] [Server thread/INFO]: Custom Map Seeds:  Village: 10387312 Desert: 14357617 Igloo: 14357618 Jungle: 14357619 Swamp: 14357620 Monument: 10387313 Ocean: 14357621 Shipwreck: 165745295 End City: 10387313 Slime: 987234911 Bastion: 30084232 Fortress: 30084232 Mansion: 10387319 Fossil: 14357921 Portal: 34222645
[12:05:08] [Server thread/INFO]: Max TNT Explosions: 100
[12:05:08] [Server thread/INFO]: Tile Max Tick Time: 50ms Entity max Tick Time: 50ms
[12:05:08] [Server thread/INFO]: View Distance: 10
[12:05:08] [Server thread/INFO]: Arrow Despawn Rate: 1200 Trident Respawn Rate:1200
[12:05:08] [Server thread/INFO]: Nerfing mobs spawned from spawners: false
[12:05:08] [Server thread/INFO]: [herder] Disabling herder v1.0-SNAPSHOT
[12:05:08] [Server thread/INFO]: [herder] @@@@@@@@@@@@@@@@@
[12:05:08] [Server thread/INFO]: [herder] @      bye      @
[12:05:08] [Server thread/INFO]: [herder] @@@@@@@@@@@@@@@@@
[12:05:08] [Server thread/INFO]: Reloading ResourceManager: Default, bukkit
[12:05:08] [Server thread/INFO]: Loaded 7 recipes
[12:05:11] [Server thread/INFO]: [herder] Loading herder v1.0-SNAPSHOT
[12:05:11] [Server thread/INFO]: [herder] Enabling herder v1.0-SNAPSHOT
[12:05:11] [Server thread/INFO]: [herder] =====================Event listeners alive=====================
[12:05:11] [Server thread/INFO]: [herder] =====================commands added=====================
[12:05:11] [Server thread/INFO]: [herder] @@@@@@@@@@@@@@@@@
[12:05:11] [Server thread/INFO]: [herder] @Plugin is alive@
[12:05:11] [Server thread/INFO]: [herder] @@@@@@@@@@@@@@@@@
[12:05:11] [Server thread/INFO]: Server permissions file permissions.yml is empty, ignoring it
[12:05:11] [Server thread/INFO]: CONSOLE: [0;32;1mReload complete.[m
[12:05:13] [Server thread/INFO]: CONSOLE: [0;31;1mPlease note that this command is not supported and may cause issues when using some plugins.[m
[12:05:13] [Server thread/INFO]: CONSOLE: [0;31;1mIf you encounter any issues please use the /stop command to restart your server.[m
[12:05:13] [Server thread/INFO]: Debug logging is disabled
[12:05:13] [Server thread/INFO]: Using 4 threads for Netty based IO
[12:05:13] [Server thread/INFO]: Server Ping Player Sample Count: 12
[12:05:13] [Server thread/INFO]: -------- World Settings For [world] --------
[12:05:13] [Server thread/INFO]: Entity Tracking Range: Pl 48 / An 48 / Mo 48 / Mi 32 / Other 64
[12:05:13] [Server thread/INFO]: Allow Zombie Pigmen to spawn from portal blocks: true
[12:05:13] [Server thread/INFO]: Item Despawn Rate: 6000
[12:05:13] [Server thread/INFO]: Item Merge Radius: 2.5
[12:05:13] [Server thread/INFO]: Zombie Aggressive Towards Villager: true
[12:05:13] [Server thread/INFO]: Mob Spawn Range: 6
[12:05:13] [Server thread/INFO]: Cactus Growth Modifier: 100%
[12:05:13] [Server thread/INFO]: Cane Growth Modifier: 100%
[12:05:13] [Server thread/INFO]: Melon Growth Modifier: 100%
[12:05:13] [Server thread/INFO]: Mushroom Growth Modifier: 100%
[12:05:13] [Server thread/INFO]: Pumpkin Growth Modifier: 100%
[12:05:13] [Server thread/INFO]: Sapling Growth Modifier: 100%
[12:05:13] [Server thread/INFO]: Beetroot Growth Modifier: 100%
[12:05:13] [Server thread/INFO]: Carrot Growth Modifier: 100%
[12:05:13] [Server thread/INFO]: Potato Growth Modifier: 100%
[12:05:13] [Server thread/INFO]: Wheat Growth Modifier: 100%
[12:05:13] [Server thread/INFO]: NetherWart Growth Modifier: 100%
[12:05:13] [Server thread/INFO]: Vine Growth Modifier: 100%
[12:05:13] [Server thread/INFO]: Cocoa Growth Modifier: 100%
[12:05:13] [Server thread/INFO]: Bamboo Growth Modifier: 100%
[12:05:13] [Server thread/INFO]: SweetBerry Growth Modifier: 100%
[12:05:13] [Server thread/INFO]: Kelp Growth Modifier: 100%
[12:05:13] [Server thread/INFO]: Experience Merge Radius: 3.0
[12:05:13] [Server thread/INFO]: Entity Activation Range: An 32 / Mo 32 / Ra 48 / Mi 16 / Tiv true
[12:05:13] [Server thread/INFO]: Hopper Transfer: 8 Hopper Check: 1 Hopper Amount: 1
[12:05:13] [Server thread/INFO]: Custom Map Seeds:  Village: 10387312 Desert: 14357617 Igloo: 14357618 Jungle: 14357619 Swamp: 14357620 Monument: 10387313 Ocean: 14357621 Shipwreck: 165745295 End City: 10387313 Slime: 987234911 Bastion: 30084232 Fortress: 30084232 Mansion: 10387319 Fossil: 14357921 Portal: 34222645
[12:05:13] [Server thread/INFO]: Max TNT Explosions: 100
[12:05:13] [Server thread/INFO]: Tile Max Tick Time: 50ms Entity max Tick Time: 50ms
[12:05:13] [Server thread/INFO]: View Distance: 10
[12:05:13] [Server thread/INFO]: Arrow Despawn Rate: 1200 Trident Respawn Rate:1200
[12:05:13] [Server thread/INFO]: Nerfing mobs spawned from spawners: false
[12:05:13] [Server thread/INFO]: -------- World Settings For [world_nether] --------
[12:05:13] [Server thread/INFO]: Entity Tracking Range: Pl 48 / An 48 / Mo 48 / Mi 32 / Other 64
[12:05:13] [Server thread/INFO]: Allow Zombie Pigmen to spawn from portal blocks: true
[12:05:13] [Server thread/INFO]: Item Despawn Rate: 6000
[12:05:13] [Server thread/INFO]: Item Merge Radius: 2.5
[12:05:13] [Server thread/INFO]: Zombie Aggressive Towards Villager: true
[12:05:13] [Server thread/INFO]: Mob Spawn Range: 6
[12:05:13] [Server thread/INFO]: Cactus Growth Modifier: 100%
[12:05:13] [Server thread/INFO]: Cane Growth Modifier: 100%
[12:05:13] [Server thread/INFO]: Melon Growth Modifier: 100%
[12:05:13] [Server thread/INFO]: Mushroom Growth Modifier: 100%
[12:05:13] [Server thread/INFO]: Pumpkin Growth Modifier: 100%
[12:05:13] [Server thread/INFO]: Sapling Growth Modifier: 100%
[12:05:13] [Server thread/INFO]: Beetroot Growth Modifier: 100%
[12:05:13] [Server thread/INFO]: Carrot Growth Modifier: 100%
[12:05:13] [Server thread/INFO]: Potato Growth Modifier: 100%
[12:05:13] [Server thread/INFO]: Wheat Growth Modifier: 100%
[12:05:13] [Server thread/INFO]: NetherWart Growth Modifier: 100%
[12:05:13] [Server thread/INFO]: Vine Growth Modifier: 100%
[12:05:13] [Server thread/INFO]: Cocoa Growth Modifier: 100%
[12:05:13] [Server thread/INFO]: Bamboo Growth Modifier: 100%
[12:05:13] [Server thread/INFO]: SweetBerry Growth Modifier: 100%
[12:05:13] [Server thread/INFO]: Kelp Growth Modifier: 100%
[12:05:13] [Server thread/INFO]: Experience Merge Radius: 3.0
[12:05:13] [Server thread/INFO]: Entity Activation Range: An 32 / Mo 32 / Ra 48 / Mi 16 / Tiv true
[12:05:13] [Server thread/INFO]: Hopper Transfer: 8 Hopper Check: 1 Hopper Amount: 1
[12:05:13] [Server thread/INFO]: Custom Map Seeds:  Village: 10387312 Desert: 14357617 Igloo: 14357618 Jungle: 14357619 Swamp: 14357620 Monument: 10387313 Ocean: 14357621 Shipwreck: 165745295 End City: 10387313 Slime: 987234911 Bastion: 30084232 Fortress: 30084232 Mansion: 10387319 Fossil: 14357921 Portal: 34222645
[12:05:13] [Server thread/INFO]: Max TNT Explosions: 100
[12:05:13] [Server thread/INFO]: Tile Max Tick Time: 50ms Entity max Tick Time: 50ms
[12:05:13] [Server thread/INFO]: View Distance: 10
[12:05:13] [Server thread/INFO]: Arrow Despawn Rate: 1200 Trident Respawn Rate:1200
[12:05:13] [Server thread/INFO]: Nerfing mobs spawned from spawners: false
[12:05:13] [Server thread/INFO]: -------- World Settings For [world_the_end] --------
[12:05:13] [Server thread/INFO]: Entity Tracking Range: Pl 48 / An 48 / Mo 48 / Mi 32 / Other 64
[12:05:13] [Server thread/INFO]: Allow Zombie Pigmen to spawn from portal blocks: true
[12:05:13] [Server thread/INFO]: Item Despawn Rate: 6000
[12:05:13] [Server thread/INFO]: Item Merge Radius: 2.5
[12:05:13] [Server thread/INFO]: Zombie Aggressive Towards Villager: true
[12:05:13] [Server thread/INFO]: Mob Spawn Range: 6
[12:05:13] [Server thread/INFO]: Cactus Growth Modifier: 100%
[12:05:13] [Server thread/INFO]: Cane Growth Modifier: 100%
[12:05:13] [Server thread/INFO]: Melon Growth Modifier: 100%
[12:05:13] [Server thread/INFO]: Mushroom Growth Modifier: 100%
[12:05:13] [Server thread/INFO]: Pumpkin Growth Modifier: 100%
[12:05:13] [Server thread/INFO]: Sapling Growth Modifier: 100%
[12:05:13] [Server thread/INFO]: Beetroot Growth Modifier: 100%
[12:05:13] [Server thread/INFO]: Carrot Growth Modifier: 100%
[12:05:13] [Server thread/INFO]: Potato Growth Modifier: 100%
[12:05:13] [Server thread/INFO]: Wheat Growth Modifier: 100%
[12:05:13] [Server thread/INFO]: NetherWart Growth Modifier: 100%
[12:05:13] [Server thread/INFO]: Vine Growth Modifier: 100%
[12:05:13] [Server thread/INFO]: Cocoa Growth Modifier: 100%
[12:05:13] [Server thread/INFO]: Bamboo Growth Modifier: 100%
[12:05:13] [Server thread/INFO]: SweetBerry Growth Modifier: 100%
[12:05:13] [Server thread/INFO]: Kelp Growth Modifier: 100%
[12:05:13] [Server thread/INFO]: Experience Merge Radius: 3.0
[12:05:13] [Server thread/INFO]: Entity Activation Range: An 32 / Mo 32 / Ra 48 / Mi 16 / Tiv true
[12:05:13] [Server thread/INFO]: Hopper Transfer: 8 Hopper Check: 1 Hopper Amount: 1
[12:05:13] [Server thread/INFO]: Custom Map Seeds:  Village: 10387312 Desert: 14357617 Igloo: 14357618 Jungle: 14357619 Swamp: 14357620 Monument: 10387313 Ocean: 14357621 Shipwreck: 165745295 End City: 10387313 Slime: 987234911 Bastion: 30084232 Fortress: 30084232 Mansion: 10387319 Fossil: 14357921 Portal: 34222645
[12:05:13] [Server thread/INFO]: Max TNT Explosions: 100
[12:05:13] [Server thread/INFO]: Tile Max Tick Time: 50ms Entity max Tick Time: 50ms
[12:05:13] [Server thread/INFO]: View Distance: 10
[12:05:13] [Server thread/INFO]: Arrow Despawn Rate: 1200 Trident Respawn Rate:1200
[12:05:13] [Server thread/INFO]: Nerfing mobs spawned from spawners: false
[12:05:13] [Server thread/INFO]: [herder] Disabling herder v1.0-SNAPSHOT
[12:05:13] [Server thread/INFO]: [herder] @@@@@@@@@@@@@@@@@
[12:05:13] [Server thread/INFO]: [herder] @      bye      @
[12:05:13] [Server thread/INFO]: [herder] @@@@@@@@@@@@@@@@@
[12:05:13] [Server thread/INFO]: Reloading ResourceManager: Default, bukkit
[12:05:14] [Server thread/INFO]: Loaded 7 recipes
[12:05:15] [Server thread/INFO]: [herder] Loading herder v1.0-SNAPSHOT
[12:05:15] [Server thread/INFO]: [herder] Enabling herder v1.0-SNAPSHOT
[12:05:15] [Server thread/INFO]: [herder] =====================Event listeners alive=====================
[12:05:15] [Server thread/INFO]: [herder] =====================commands added=====================
[12:05:15] [Server thread/INFO]: [herder] @@@@@@@@@@@@@@@@@
[12:05:15] [Server thread/INFO]: [herder] @Plugin is alive@
[12:05:15] [Server thread/INFO]: [herder] @@@@@@@@@@@@@@@@@
[12:05:15] [Server thread/INFO]: Server permissions file permissions.yml is empty, ignoring it
[12:05:15] [Server thread/INFO]: CONSOLE: [0;32;1mReload complete.[m
[12:06:08] [Server thread/INFO]: CONSOLE: [0;31;1mPlease note that this command is not supported and may cause issues when using some plugins.[m
[12:06:08] [Server thread/INFO]: CONSOLE: [0;31;1mIf you encounter any issues please use the /stop command to restart your server.[m
[12:06:08] [Server thread/INFO]: Debug logging is disabled
[12:06:08] [Server thread/INFO]: Using 4 threads for Netty based IO
[12:06:08] [Server thread/INFO]: Server Ping Player Sample Count: 12
[12:06:08] [Server thread/INFO]: -------- World Settings For [world] --------
[12:06:08] [Server thread/INFO]: Entity Tracking Range: Pl 48 / An 48 / Mo 48 / Mi 32 / Other 64
[12:06:08] [Server thread/INFO]: Allow Zombie Pigmen to spawn from portal blocks: true
[12:06:08] [Server thread/INFO]: Item Despawn Rate: 6000
[12:06:08] [Server thread/INFO]: Item Merge Radius: 2.5
[12:06:08] [Server thread/INFO]: Zombie Aggressive Towards Villager: true
[12:06:08] [Server thread/INFO]: Mob Spawn Range: 6
[12:06:08] [Server thread/INFO]: Cactus Growth Modifier: 100%
[12:06:08] [Server thread/INFO]: Cane Growth Modifier: 100%
[12:06:08] [Server thread/INFO]: Melon Growth Modifier: 100%
[12:06:08] [Server thread/INFO]: Mushroom Growth Modifier: 100%
[12:06:08] [Server thread/INFO]: Pumpkin Growth Modifier: 100%
[12:06:08] [Server thread/INFO]: Sapling Growth Modifier: 100%
[12:06:08] [Server thread/INFO]: Beetroot Growth Modifier: 100%
[12:06:08] [Server thread/INFO]: Carrot Growth Modifier: 100%
[12:06:08] [Server thread/INFO]: Potato Growth Modifier: 100%
[12:06:08] [Server thread/INFO]: Wheat Growth Modifier: 100%
[12:06:08] [Server thread/INFO]: NetherWart Growth Modifier: 100%
[12:06:08] [Server thread/INFO]: Vine Growth Modifier: 100%
[12:06:08] [Server thread/INFO]: Cocoa Growth Modifier: 100%
[12:06:08] [Server thread/INFO]: Bamboo Growth Modifier: 100%
[12:06:08] [Server thread/INFO]: SweetBerry Growth Modifier: 100%
[12:06:08] [Server thread/INFO]: Kelp Growth Modifier: 100%
[12:06:08] [Server thread/INFO]: Experience Merge Radius: 3.0
[12:06:08] [Server thread/INFO]: Entity Activation Range: An 32 / Mo 32 / Ra 48 / Mi 16 / Tiv true
[12:06:08] [Server thread/INFO]: Hopper Transfer: 8 Hopper Check: 1 Hopper Amount: 1
[12:06:08] [Server thread/INFO]: Custom Map Seeds:  Village: 10387312 Desert: 14357617 Igloo: 14357618 Jungle: 14357619 Swamp: 14357620 Monument: 10387313 Ocean: 14357621 Shipwreck: 165745295 End City: 10387313 Slime: 987234911 Bastion: 30084232 Fortress: 30084232 Mansion: 10387319 Fossil: 14357921 Portal: 34222645
[12:06:08] [Server thread/INFO]: Max TNT Explosions: 100
[12:06:08] [Server thread/INFO]: Tile Max Tick Time: 50ms Entity max Tick Time: 50ms
[12:06:08] [Server thread/INFO]: View Distance: 10
[12:06:08] [Server thread/INFO]: Arrow Despawn Rate: 1200 Trident Respawn Rate:1200
[12:06:08] [Server thread/INFO]: Nerfing mobs spawned from spawners: false
[12:06:08] [Server thread/INFO]: -------- World Settings For [world_nether] --------
[12:06:08] [Server thread/INFO]: Entity Tracking Range: Pl 48 / An 48 / Mo 48 / Mi 32 / Other 64
[12:06:08] [Server thread/INFO]: Allow Zombie Pigmen to spawn from portal blocks: true
[12:06:08] [Server thread/INFO]: Item Despawn Rate: 6000
[12:06:08] [Server thread/INFO]: Item Merge Radius: 2.5
[12:06:08] [Server thread/INFO]: Zombie Aggressive Towards Villager: true
[12:06:08] [Server thread/INFO]: Mob Spawn Range: 6
[12:06:08] [Server thread/INFO]: Cactus Growth Modifier: 100%
[12:06:08] [Server thread/INFO]: Cane Growth Modifier: 100%
[12:06:08] [Server thread/INFO]: Melon Growth Modifier: 100%
[12:06:08] [Server thread/INFO]: Mushroom Growth Modifier: 100%
[12:06:08] [Server thread/INFO]: Pumpkin Growth Modifier: 100%
[12:06:08] [Server thread/INFO]: Sapling Growth Modifier: 100%
[12:06:08] [Server thread/INFO]: Beetroot Growth Modifier: 100%
[12:06:08] [Server thread/INFO]: Carrot Growth Modifier: 100%
[12:06:08] [Server thread/INFO]: Potato Growth Modifier: 100%
[12:06:08] [Server thread/INFO]: Wheat Growth Modifier: 100%
[12:06:08] [Server thread/INFO]: NetherWart Growth Modifier: 100%
[12:06:08] [Server thread/INFO]: Vine Growth Modifier: 100%
[12:06:08] [Server thread/INFO]: Cocoa Growth Modifier: 100%
[12:06:08] [Server thread/INFO]: Bamboo Growth Modifier: 100%
[12:06:08] [Server thread/INFO]: SweetBerry Growth Modifier: 100%
[12:06:08] [Server thread/INFO]: Kelp Growth Modifier: 100%
[12:06:08] [Server thread/INFO]: Experience Merge Radius: 3.0
[12:06:08] [Server thread/INFO]: Entity Activation Range: An 32 / Mo 32 / Ra 48 / Mi 16 / Tiv true
[12:06:08] [Server thread/INFO]: Hopper Transfer: 8 Hopper Check: 1 Hopper Amount: 1
[12:06:08] [Server thread/INFO]: Custom Map Seeds:  Village: 10387312 Desert: 14357617 Igloo: 14357618 Jungle: 14357619 Swamp: 14357620 Monument: 10387313 Ocean: 14357621 Shipwreck: 165745295 End City: 10387313 Slime: 987234911 Bastion: 30084232 Fortress: 30084232 Mansion: 10387319 Fossil: 14357921 Portal: 34222645
[12:06:08] [Server thread/INFO]: Max TNT Explosions: 100
[12:06:08] [Server thread/INFO]: Tile Max Tick Time: 50ms Entity max Tick Time: 50ms
[12:06:08] [Server thread/INFO]: View Distance: 10
[12:06:08] [Server thread/INFO]: Arrow Despawn Rate: 1200 Trident Respawn Rate:1200
[12:06:08] [Server thread/INFO]: Nerfing mobs spawned from spawners: false
[12:06:08] [Server thread/INFO]: -------- World Settings For [world_the_end] --------
[12:06:08] [Server thread/INFO]: Entity Tracking Range: Pl 48 / An 48 / Mo 48 / Mi 32 / Other 64
[12:06:08] [Server thread/INFO]: Allow Zombie Pigmen to spawn from portal blocks: true
[12:06:08] [Server thread/INFO]: Item Despawn Rate: 6000
[12:06:08] [Server thread/INFO]: Item Merge Radius: 2.5
[12:06:08] [Server thread/INFO]: Zombie Aggressive Towards Villager: true
[12:06:08] [Server thread/INFO]: Mob Spawn Range: 6
[12:06:08] [Server thread/INFO]: Cactus Growth Modifier: 100%
[12:06:08] [Server thread/INFO]: Cane Growth Modifier: 100%
[12:06:08] [Server thread/INFO]: Melon Growth Modifier: 100%
[12:06:08] [Server thread/INFO]: Mushroom Growth Modifier: 100%
[12:06:08] [Server thread/INFO]: Pumpkin Growth Modifier: 100%
[12:06:08] [Server thread/INFO]: Sapling Growth Modifier: 100%
[12:06:08] [Server thread/INFO]: Beetroot Growth Modifier: 100%
[12:06:08] [Server thread/INFO]: Carrot Growth Modifier: 100%
[12:06:08] [Server thread/INFO]: Potato Growth Modifier: 100%
[12:06:08] [Server thread/INFO]: Wheat Growth Modifier: 100%
[12:06:08] [Server thread/INFO]: NetherWart Growth Modifier: 100%
[12:06:08] [Server thread/INFO]: Vine Growth Modifier: 100%
[12:06:08] [Server thread/INFO]: Cocoa Growth Modifier: 100%
[12:06:08] [Server thread/INFO]: Bamboo Growth Modifier: 100%
[12:06:08] [Server thread/INFO]: SweetBerry Growth Modifier: 100%
[12:06:08] [Server thread/INFO]: Kelp Growth Modifier: 100%
[12:06:08] [Server thread/INFO]: Experience Merge Radius: 3.0
[12:06:08] [Server thread/INFO]: Entity Activation Range: An 32 / Mo 32 / Ra 48 / Mi 16 / Tiv true
[12:06:08] [Server thread/INFO]: Hopper Transfer: 8 Hopper Check: 1 Hopper Amount: 1
[12:06:08] [Server thread/INFO]: Custom Map Seeds:  Village: 10387312 Desert: 14357617 Igloo: 14357618 Jungle: 14357619 Swamp: 14357620 Monument: 10387313 Ocean: 14357621 Shipwreck: 165745295 End City: 10387313 Slime: 987234911 Bastion: 30084232 Fortress: 30084232 Mansion: 10387319 Fossil: 14357921 Portal: 34222645
[12:06:08] [Server thread/INFO]: Max TNT Explosions: 100
[12:06:08] [Server thread/INFO]: Tile Max Tick Time: 50ms Entity max Tick Time: 50ms
[12:06:08] [Server thread/INFO]: View Distance: 10
[12:06:08] [Server thread/INFO]: Arrow Despawn Rate: 1200 Trident Respawn Rate:1200
[12:06:08] [Server thread/INFO]: Nerfing mobs spawned from spawners: false
[12:06:08] [Server thread/INFO]: [herder] Disabling herder v1.0-SNAPSHOT
[12:06:08] [Server thread/INFO]: [herder] @@@@@@@@@@@@@@@@@
[12:06:08] [Server thread/INFO]: [herder] @      bye      @
[12:06:08] [Server thread/INFO]: [herder] @@@@@@@@@@@@@@@@@
[12:06:08] [Server thread/INFO]: Reloading ResourceManager: Default, bukkit
[12:06:09] [Server thread/INFO]: Loaded 7 recipes
[12:06:10] [Server thread/INFO]: [herder] Loading herder v1.0-SNAPSHOT
[12:06:10] [Server thread/INFO]: [herder] Enabling herder v1.0-SNAPSHOT
[12:06:10] [Server thread/INFO]: [herder] =====================Event listeners alive=====================
[12:06:10] [Server thread/INFO]: [herder] =====================commands added=====================
[12:06:10] [Server thread/INFO]: [herder] @@@@@@@@@@@@@@@@@
[12:06:10] [Server thread/INFO]: [herder] @Plugin is alive@
[12:06:10] [Server thread/INFO]: [herder] @@@@@@@@@@@@@@@@@
[12:06:10] [Server thread/INFO]: Server permissions file permissions.yml is empty, ignoring it
[12:06:11] [Server thread/INFO]: CONSOLE: [0;32;1mReload complete.[m
[12:06:15] [Server thread/INFO]: CONSOLE: [0;31;1mPlease note that this command is not supported and may cause issues when using some plugins.[m
[12:06:15] [Server thread/INFO]: CONSOLE: [0;31;1mIf you encounter any issues please use the /stop command to restart your server.[m
[12:06:15] [Server thread/INFO]: Debug logging is disabled
[12:06:15] [Server thread/INFO]: Using 4 threads for Netty based IO
[12:06:15] [Server thread/INFO]: Server Ping Player Sample Count: 12
[12:06:15] [Server thread/INFO]: -------- World Settings For [world] --------
[12:06:15] [Server thread/INFO]: Entity Tracking Range: Pl 48 / An 48 / Mo 48 / Mi 32 / Other 64
[12:06:15] [Server thread/INFO]: Allow Zombie Pigmen to spawn from portal blocks: true
[12:06:15] [Server thread/INFO]: Item Despawn Rate: 6000
[12:06:15] [Server thread/INFO]: Item Merge Radius: 2.5
[12:06:15] [Server thread/INFO]: Zombie Aggressive Towards Villager: true
[12:06:15] [Server thread/INFO]: Mob Spawn Range: 6
[12:06:15] [Server thread/INFO]: Cactus Growth Modifier: 100%
[12:06:15] [Server thread/INFO]: Cane Growth Modifier: 100%
[12:06:15] [Server thread/INFO]: Melon Growth Modifier: 100%
[12:06:15] [Server thread/INFO]: Mushroom Growth Modifier: 100%
[12:06:15] [Server thread/INFO]: Pumpkin Growth Modifier: 100%
[12:06:15] [Server thread/INFO]: Sapling Growth Modifier: 100%
[12:06:15] [Server thread/INFO]: Beetroot Growth Modifier: 100%
[12:06:15] [Server thread/INFO]: Carrot Growth Modifier: 100%
[12:06:15] [Server thread/INFO]: Potato Growth Modifier: 100%
[12:06:15] [Server thread/INFO]: Wheat Growth Modifier: 100%
[12:06:15] [Server thread/INFO]: NetherWart Growth Modifier: 100%
[12:06:15] [Server thread/INFO]: Vine Growth Modifier: 100%
[12:06:15] [Server thread/INFO]: Cocoa Growth Modifier: 100%
[12:06:15] [Server thread/INFO]: Bamboo Growth Modifier: 100%
[12:06:15] [Server thread/INFO]: SweetBerry Growth Modifier: 100%
[12:06:15] [Server thread/INFO]: Kelp Growth Modifier: 100%
[12:06:15] [Server thread/INFO]: Experience Merge Radius: 3.0
[12:06:15] [Server thread/INFO]: Entity Activation Range: An 32 / Mo 32 / Ra 48 / Mi 16 / Tiv true
[12:06:15] [Server thread/INFO]: Hopper Transfer: 8 Hopper Check: 1 Hopper Amount: 1
[12:06:15] [Server thread/INFO]: Custom Map Seeds:  Village: 10387312 Desert: 14357617 Igloo: 14357618 Jungle: 14357619 Swamp: 14357620 Monument: 10387313 Ocean: 14357621 Shipwreck: 165745295 End City: 10387313 Slime: 987234911 Bastion: 30084232 Fortress: 30084232 Mansion: 10387319 Fossil: 14357921 Portal: 34222645
[12:06:15] [Server thread/INFO]: Max TNT Explosions: 100
[12:06:15] [Server thread/INFO]: Tile Max Tick Time: 50ms Entity max Tick Time: 50ms
[12:06:15] [Server thread/INFO]: View Distance: 10
[12:06:15] [Server thread/INFO]: Arrow Despawn Rate: 1200 Trident Respawn Rate:1200
[12:06:15] [Server thread/INFO]: Nerfing mobs spawned from spawners: false
[12:06:15] [Server thread/INFO]: -------- World Settings For [world_nether] --------
[12:06:15] [Server thread/INFO]: Entity Tracking Range: Pl 48 / An 48 / Mo 48 / Mi 32 / Other 64
[12:06:15] [Server thread/INFO]: Allow Zombie Pigmen to spawn from portal blocks: true
[12:06:15] [Server thread/INFO]: Item Despawn Rate: 6000
[12:06:15] [Server thread/INFO]: Item Merge Radius: 2.5
[12:06:15] [Server thread/INFO]: Zombie Aggressive Towards Villager: true
[12:06:15] [Server thread/INFO]: Mob Spawn Range: 6
[12:06:15] [Server thread/INFO]: Cactus Growth Modifier: 100%
[12:06:15] [Server thread/INFO]: Cane Growth Modifier: 100%
[12:06:15] [Server thread/INFO]: Melon Growth Modifier: 100%
[12:06:15] [Server thread/INFO]: Mushroom Growth Modifier: 100%
[12:06:15] [Server thread/INFO]: Pumpkin Growth Modifier: 100%
[12:06:15] [Server thread/INFO]: Sapling Growth Modifier: 100%
[12:06:15] [Server thread/INFO]: Beetroot Growth Modifier: 100%
[12:06:15] [Server thread/INFO]: Carrot Growth Modifier: 100%
[12:06:15] [Server thread/INFO]: Potato Growth Modifier: 100%
[12:06:15] [Server thread/INFO]: Wheat Growth Modifier: 100%
[12:06:15] [Server thread/INFO]: NetherWart Growth Modifier: 100%
[12:06:15] [Server thread/INFO]: Vine Growth Modifier: 100%
[12:06:15] [Server thread/INFO]: Cocoa Growth Modifier: 100%
[12:06:15] [Server thread/INFO]: Bamboo Growth Modifier: 100%
[12:06:15] [Server thread/INFO]: SweetBerry Growth Modifier: 100%
[12:06:15] [Server thread/INFO]: Kelp Growth Modifier: 100%
[12:06:15] [Server thread/INFO]: Experience Merge Radius: 3.0
[12:06:15] [Server thread/INFO]: Entity Activation Range: An 32 / Mo 32 / Ra 48 / Mi 16 / Tiv true
[12:06:15] [Server thread/INFO]: Hopper Transfer: 8 Hopper Check: 1 Hopper Amount: 1
[12:06:15] [Server thread/INFO]: Custom Map Seeds:  Village: 10387312 Desert: 14357617 Igloo: 14357618 Jungle: 14357619 Swamp: 14357620 Monument: 10387313 Ocean: 14357621 Shipwreck: 165745295 End City: 10387313 Slime: 987234911 Bastion: 30084232 Fortress: 30084232 Mansion: 10387319 Fossil: 14357921 Portal: 34222645
[12:06:15] [Server thread/INFO]: Max TNT Explosions: 100
[12:06:15] [Server thread/INFO]: Tile Max Tick Time: 50ms Entity max Tick Time: 50ms
[12:06:15] [Server thread/INFO]: View Distance: 10
[12:06:15] [Server thread/INFO]: Arrow Despawn Rate: 1200 Trident Respawn Rate:1200
[12:06:15] [Server thread/INFO]: Nerfing mobs spawned from spawners: false
[12:06:15] [Server thread/INFO]: -------- World Settings For [world_the_end] --------
[12:06:15] [Server thread/INFO]: Entity Tracking Range: Pl 48 / An 48 / Mo 48 / Mi 32 / Other 64
[12:06:15] [Server thread/INFO]: Allow Zombie Pigmen to spawn from portal blocks: true
[12:06:15] [Server thread/INFO]: Item Despawn Rate: 6000
[12:06:15] [Server thread/INFO]: Item Merge Radius: 2.5
[12:06:15] [Server thread/INFO]: Zombie Aggressive Towards Villager: true
[12:06:15] [Server thread/INFO]: Mob Spawn Range: 6
[12:06:15] [Server thread/INFO]: Cactus Growth Modifier: 100%
[12:06:15] [Server thread/INFO]: Cane Growth Modifier: 100%
[12:06:15] [Server thread/INFO]: Melon Growth Modifier: 100%
[12:06:15] [Server thread/INFO]: Mushroom Growth Modifier: 100%
[12:06:15] [Server thread/INFO]: Pumpkin Growth Modifier: 100%
[12:06:15] [Server thread/INFO]: Sapling Growth Modifier: 100%
[12:06:15] [Server thread/INFO]: Beetroot Growth Modifier: 100%
[12:06:15] [Server thread/INFO]: Carrot Growth Modifier: 100%
[12:06:15] [Server thread/INFO]: Potato Growth Modifier: 100%
[12:06:15] [Server thread/INFO]: Wheat Growth Modifier: 100%
[12:06:15] [Server thread/INFO]: NetherWart Growth Modifier: 100%
[12:06:15] [Server thread/INFO]: Vine Growth Modifier: 100%
[12:06:15] [Server thread/INFO]: Cocoa Growth Modifier: 100%
[12:06:15] [Server thread/INFO]: Bamboo Growth Modifier: 100%
[12:06:15] [Server thread/INFO]: SweetBerry Growth Modifier: 100%
[12:06:15] [Server thread/INFO]: Kelp Growth Modifier: 100%
[12:06:15] [Server thread/INFO]: Experience Merge Radius: 3.0
[12:06:15] [Server thread/INFO]: Entity Activation Range: An 32 / Mo 32 / Ra 48 / Mi 16 / Tiv true
[12:06:15] [Server thread/INFO]: Hopper Transfer: 8 Hopper Check: 1 Hopper Amount: 1
[12:06:15] [Server thread/INFO]: Custom Map Seeds:  Village: 10387312 Desert: 14357617 Igloo: 14357618 Jungle: 14357619 Swamp: 14357620 Monument: 10387313 Ocean: 14357621 Shipwreck: 165745295 End City: 10387313 Slime: 987234911 Bastion: 30084232 Fortress: 30084232 Mansion: 10387319 Fossil: 14357921 Portal: 34222645
[12:06:15] [Server thread/INFO]: Max TNT Explosions: 100
[12:06:15] [Server thread/INFO]: Tile Max Tick Time: 50ms Entity max Tick Time: 50ms
[12:06:15] [Server thread/INFO]: View Distance: 10
[12:06:15] [Server thread/INFO]: Arrow Despawn Rate: 1200 Trident Respawn Rate:1200
[12:06:15] [Server thread/INFO]: Nerfing mobs spawned from spawners: false
[12:06:15] [Server thread/INFO]: [herder] Disabling herder v1.0-SNAPSHOT
[12:06:15] [Server thread/INFO]: [herder] @@@@@@@@@@@@@@@@@
[12:06:15] [Server thread/INFO]: [herder] @      bye      @
[12:06:15] [Server thread/INFO]: [herder] @@@@@@@@@@@@@@@@@
[12:06:16] [Server thread/INFO]: Reloading ResourceManager: Default, bukkit
[12:06:16] [Server thread/INFO]: Loaded 7 recipes
[12:06:17] [Server thread/INFO]: [herder] Loading herder v1.0-SNAPSHOT
[12:06:17] [Server thread/INFO]: [herder] Enabling herder v1.0-SNAPSHOT
[12:06:17] [Server thread/INFO]: [herder] =====================Event listeners alive=====================
[12:06:17] [Server thread/INFO]: [herder] =====================commands added=====================
[12:06:17] [Server thread/INFO]: [herder] @@@@@@@@@@@@@@@@@
[12:06:17] [Server thread/INFO]: [herder] @Plugin is alive@
[12:06:17] [Server thread/INFO]: [herder] @@@@@@@@@@@@@@@@@
[12:06:17] [Server thread/INFO]: Server permissions file permissions.yml is empty, ignoring it
[12:06:17] [Server thread/INFO]: CONSOLE: [0;32;1mReload complete.[m
[12:07:32] [Server thread/INFO]: CONSOLE: [0;31;1mPlease note that this command is not supported and may cause issues when using some plugins.[m
[12:07:32] [Server thread/INFO]: CONSOLE: [0;31;1mIf you encounter any issues please use the /stop command to restart your server.[m
[12:07:32] [Server thread/INFO]: Debug logging is disabled
[12:07:32] [Server thread/INFO]: Using 4 threads for Netty based IO
[12:07:32] [Server thread/INFO]: Server Ping Player Sample Count: 12
[12:07:32] [Server thread/INFO]: -------- World Settings For [world] --------
[12:07:32] [Server thread/INFO]: Entity Tracking Range: Pl 48 / An 48 / Mo 48 / Mi 32 / Other 64
[12:07:32] [Server thread/INFO]: Allow Zombie Pigmen to spawn from portal blocks: true
[12:07:32] [Server thread/INFO]: Item Despawn Rate: 6000
[12:07:32] [Server thread/INFO]: Item Merge Radius: 2.5
[12:07:32] [Server thread/INFO]: Zombie Aggressive Towards Villager: true
[12:07:32] [Server thread/INFO]: Mob Spawn Range: 6
[12:07:32] [Server thread/INFO]: Cactus Growth Modifier: 100%
[12:07:32] [Server thread/INFO]: Cane Growth Modifier: 100%
[12:07:32] [Server thread/INFO]: Melon Growth Modifier: 100%
[12:07:32] [Server thread/INFO]: Mushroom Growth Modifier: 100%
[12:07:32] [Server thread/INFO]: Pumpkin Growth Modifier: 100%
[12:07:32] [Server thread/INFO]: Sapling Growth Modifier: 100%
[12:07:32] [Server thread/INFO]: Beetroot Growth Modifier: 100%
[12:07:32] [Server thread/INFO]: Carrot Growth Modifier: 100%
[12:07:32] [Server thread/INFO]: Potato Growth Modifier: 100%
[12:07:32] [Server thread/INFO]: Wheat Growth Modifier: 100%
[12:07:32] [Server thread/INFO]: NetherWart Growth Modifier: 100%
[12:07:32] [Server thread/INFO]: Vine Growth Modifier: 100%
[12:07:32] [Server thread/INFO]: Cocoa Growth Modifier: 100%
[12:07:32] [Server thread/INFO]: Bamboo Growth Modifier: 100%
[12:07:32] [Server thread/INFO]: SweetBerry Growth Modifier: 100%
[12:07:32] [Server thread/INFO]: Kelp Growth Modifier: 100%
[12:07:32] [Server thread/INFO]: Experience Merge Radius: 3.0
[12:07:32] [Server thread/INFO]: Entity Activation Range: An 32 / Mo 32 / Ra 48 / Mi 16 / Tiv true
[12:07:32] [Server thread/INFO]: Hopper Transfer: 8 Hopper Check: 1 Hopper Amount: 1
[12:07:32] [Server thread/INFO]: Custom Map Seeds:  Village: 10387312 Desert: 14357617 Igloo: 14357618 Jungle: 14357619 Swamp: 14357620 Monument: 10387313 Ocean: 14357621 Shipwreck: 165745295 End City: 10387313 Slime: 987234911 Bastion: 30084232 Fortress: 30084232 Mansion: 10387319 Fossil: 14357921 Portal: 34222645
[12:07:32] [Server thread/INFO]: Max TNT Explosions: 100
[12:07:32] [Server thread/INFO]: Tile Max Tick Time: 50ms Entity max Tick Time: 50ms
[12:07:32] [Server thread/INFO]: View Distance: 10
[12:07:32] [Server thread/INFO]: Arrow Despawn Rate: 1200 Trident Respawn Rate:1200
[12:07:32] [Server thread/INFO]: Nerfing mobs spawned from spawners: false
[12:07:32] [Server thread/INFO]: -------- World Settings For [world_nether] --------
[12:07:32] [Server thread/INFO]: Entity Tracking Range: Pl 48 / An 48 / Mo 48 / Mi 32 / Other 64
[12:07:32] [Server thread/INFO]: Allow Zombie Pigmen to spawn from portal blocks: true
[12:07:32] [Server thread/INFO]: Item Despawn Rate: 6000
[12:07:32] [Server thread/INFO]: Item Merge Radius: 2.5
[12:07:32] [Server thread/INFO]: Zombie Aggressive Towards Villager: true
[12:07:32] [Server thread/INFO]: Mob Spawn Range: 6
[12:07:32] [Server thread/INFO]: Cactus Growth Modifier: 100%
[12:07:32] [Server thread/INFO]: Cane Growth Modifier: 100%
[12:07:32] [Server thread/INFO]: Melon Growth Modifier: 100%
[12:07:32] [Server thread/INFO]: Mushroom Growth Modifier: 100%
[12:07:32] [Server thread/INFO]: Pumpkin Growth Modifier: 100%
[12:07:32] [Server thread/INFO]: Sapling Growth Modifier: 100%
[12:07:32] [Server thread/INFO]: Beetroot Growth Modifier: 100%
[12:07:32] [Server thread/INFO]: Carrot Growth Modifier: 100%
[12:07:32] [Server thread/INFO]: Potato Growth Modifier: 100%
[12:07:32] [Server thread/INFO]: Wheat Growth Modifier: 100%
[12:07:32] [Server thread/INFO]: NetherWart Growth Modifier: 100%
[12:07:32] [Server thread/INFO]: Vine Growth Modifier: 100%
[12:07:32] [Server thread/INFO]: Cocoa Growth Modifier: 100%
[12:07:32] [Server thread/INFO]: Bamboo Growth Modifier: 100%
[12:07:32] [Server thread/INFO]: SweetBerry Growth Modifier: 100%
[12:07:32] [Server thread/INFO]: Kelp Growth Modifier: 100%
[12:07:32] [Server thread/INFO]: Experience Merge Radius: 3.0
[12:07:32] [Server thread/INFO]: Entity Activation Range: An 32 / Mo 32 / Ra 48 / Mi 16 / Tiv true
[12:07:32] [Server thread/INFO]: Hopper Transfer: 8 Hopper Check: 1 Hopper Amount: 1
[12:07:32] [Server thread/INFO]: Custom Map Seeds:  Village: 10387312 Desert: 14357617 Igloo: 14357618 Jungle: 14357619 Swamp: 14357620 Monument: 10387313 Ocean: 14357621 Shipwreck: 165745295 End City: 10387313 Slime: 987234911 Bastion: 30084232 Fortress: 30084232 Mansion: 10387319 Fossil: 14357921 Portal: 34222645
[12:07:32] [Server thread/INFO]: Max TNT Explosions: 100
[12:07:32] [Server thread/INFO]: Tile Max Tick Time: 50ms Entity max Tick Time: 50ms
[12:07:32] [Server thread/INFO]: View Distance: 10
[12:07:32] [Server thread/INFO]: Arrow Despawn Rate: 1200 Trident Respawn Rate:1200
[12:07:32] [Server thread/INFO]: Nerfing mobs spawned from spawners: false
[12:07:32] [Server thread/INFO]: -------- World Settings For [world_the_end] --------
[12:07:32] [Server thread/INFO]: Entity Tracking Range: Pl 48 / An 48 / Mo 48 / Mi 32 / Other 64
[12:07:32] [Server thread/INFO]: Allow Zombie Pigmen to spawn from portal blocks: true
[12:07:32] [Server thread/INFO]: Item Despawn Rate: 6000
[12:07:32] [Server thread/INFO]: Item Merge Radius: 2.5
[12:07:32] [Server thread/INFO]: Zombie Aggressive Towards Villager: true
[12:07:32] [Server thread/INFO]: Mob Spawn Range: 6
[12:07:32] [Server thread/INFO]: Cactus Growth Modifier: 100%
[12:07:32] [Server thread/INFO]: Cane Growth Modifier: 100%
[12:07:32] [Server thread/INFO]: Melon Growth Modifier: 100%
[12:07:32] [Server thread/INFO]: Mushroom Growth Modifier: 100%
[12:07:32] [Server thread/INFO]: Pumpkin Growth Modifier: 100%
[12:07:32] [Server thread/INFO]: Sapling Growth Modifier: 100%
[12:07:32] [Server thread/INFO]: Beetroot Growth Modifier: 100%
[12:07:32] [Server thread/INFO]: Carrot Growth Modifier: 100%
[12:07:32] [Server thread/INFO]: Potato Growth Modifier: 100%
[12:07:32] [Server thread/INFO]: Wheat Growth Modifier: 100%
[12:07:32] [Server thread/INFO]: NetherWart Growth Modifier: 100%
[12:07:32] [Server thread/INFO]: Vine Growth Modifier: 100%
[12:07:32] [Server thread/INFO]: Cocoa Growth Modifier: 100%
[12:07:32] [Server thread/INFO]: Bamboo Growth Modifier: 100%
[12:07:32] [Server thread/INFO]: SweetBerry Growth Modifier: 100%
[12:07:32] [Server thread/INFO]: Kelp Growth Modifier: 100%
[12:07:32] [Server thread/INFO]: Experience Merge Radius: 3.0
[12:07:32] [Server thread/INFO]: Entity Activation Range: An 32 / Mo 32 / Ra 48 / Mi 16 / Tiv true
[12:07:32] [Server thread/INFO]: Hopper Transfer: 8 Hopper Check: 1 Hopper Amount: 1
[12:07:32] [Server thread/INFO]: Custom Map Seeds:  Village: 10387312 Desert: 14357617 Igloo: 14357618 Jungle: 14357619 Swamp: 14357620 Monument: 10387313 Ocean: 14357621 Shipwreck: 165745295 End City: 10387313 Slime: 987234911 Bastion: 30084232 Fortress: 30084232 Mansion: 10387319 Fossil: 14357921 Portal: 34222645
[12:07:32] [Server thread/INFO]: Max TNT Explosions: 100
[12:07:32] [Server thread/INFO]: Tile Max Tick Time: 50ms Entity max Tick Time: 50ms
[12:07:32] [Server thread/INFO]: View Distance: 10
[12:07:32] [Server thread/INFO]: Arrow Despawn Rate: 1200 Trident Respawn Rate:1200
[12:07:32] [Server thread/INFO]: Nerfing mobs spawned from spawners: false
[12:07:32] [Server thread/INFO]: [herder] Disabling herder v1.0-SNAPSHOT
[12:07:32] [Server thread/INFO]: [herder] @@@@@@@@@@@@@@@@@
[12:07:32] [Server thread/INFO]: [herder] @      bye      @
[12:07:32] [Server thread/INFO]: [herder] @@@@@@@@@@@@@@@@@
[12:07:32] [Server thread/INFO]: Reloading ResourceManager: Default, bukkit
[12:07:33] [Server thread/INFO]: Loaded 7 recipes
[12:07:35] [Server thread/INFO]: [herder] Loading herder v1.0-SNAPSHOT
[12:07:35] [Server thread/INFO]: [herder] Enabling herder v1.0-SNAPSHOT
[12:07:35] [Server thread/INFO]: [herder] =====================Event listeners alive=====================
[12:07:35] [Server thread/INFO]: [herder] =====================commands added=====================
[12:07:35] [Server thread/INFO]: [herder] @@@@@@@@@@@@@@@@@
[12:07:35] [Server thread/INFO]: [herder] @Plugin is alive@
[12:07:35] [Server thread/INFO]: [herder] @@@@@@@@@@@@@@@@@
[12:07:35] [Server thread/INFO]: Server permissions file permissions.yml is empty, ignoring it
[12:07:35] [Server thread/INFO]: CONSOLE: [0;32;1mReload complete.[m
[12:07:38] [Server thread/INFO]: CONSOLE: [0;31;1mPlease note that this command is not supported and may cause issues when using some plugins.[m
[12:07:38] [Server thread/INFO]: CONSOLE: [0;31;1mIf you encounter any issues please use the /stop command to restart your server.[m
[12:07:38] [Server thread/INFO]: Debug logging is disabled
[12:07:38] [Server thread/INFO]: Using 4 threads for Netty based IO
[12:07:38] [Server thread/INFO]: Server Ping Player Sample Count: 12
[12:07:38] [Server thread/INFO]: -------- World Settings For [world] --------
[12:07:38] [Server thread/INFO]: Entity Tracking Range: Pl 48 / An 48 / Mo 48 / Mi 32 / Other 64
[12:07:38] [Server thread/INFO]: Allow Zombie Pigmen to spawn from portal blocks: true
[12:07:38] [Server thread/INFO]: Item Despawn Rate: 6000
[12:07:38] [Server thread/INFO]: Item Merge Radius: 2.5
[12:07:38] [Server thread/INFO]: Zombie Aggressive Towards Villager: true
[12:07:38] [Server thread/INFO]: Mob Spawn Range: 6
[12:07:38] [Server thread/INFO]: Cactus Growth Modifier: 100%
[12:07:38] [Server thread/INFO]: Cane Growth Modifier: 100%
[12:07:38] [Server thread/INFO]: Melon Growth Modifier: 100%
[12:07:38] [Server thread/INFO]: Mushroom Growth Modifier: 100%
[12:07:38] [Server thread/INFO]: Pumpkin Growth Modifier: 100%
[12:07:38] [Server thread/INFO]: Sapling Growth Modifier: 100%
[12:07:38] [Server thread/INFO]: Beetroot Growth Modifier: 100%
[12:07:38] [Server thread/INFO]: Carrot Growth Modifier: 100%
[12:07:38] [Server thread/INFO]: Potato Growth Modifier: 100%
[12:07:38] [Server thread/INFO]: Wheat Growth Modifier: 100%
[12:07:38] [Server thread/INFO]: NetherWart Growth Modifier: 100%
[12:07:38] [Server thread/INFO]: Vine Growth Modifier: 100%
[12:07:38] [Server thread/INFO]: Cocoa Growth Modifier: 100%
[12:07:38] [Server thread/INFO]: Bamboo Growth Modifier: 100%
[12:07:38] [Server thread/INFO]: SweetBerry Growth Modifier: 100%
[12:07:38] [Server thread/INFO]: Kelp Growth Modifier: 100%
[12:07:38] [Server thread/INFO]: Experience Merge Radius: 3.0
[12:07:38] [Server thread/INFO]: Entity Activation Range: An 32 / Mo 32 / Ra 48 / Mi 16 / Tiv true
[12:07:38] [Server thread/INFO]: Hopper Transfer: 8 Hopper Check: 1 Hopper Amount: 1
[12:07:38] [Server thread/INFO]: Custom Map Seeds:  Village: 10387312 Desert: 14357617 Igloo: 14357618 Jungle: 14357619 Swamp: 14357620 Monument: 10387313 Ocean: 14357621 Shipwreck: 165745295 End City: 10387313 Slime: 987234911 Bastion: 30084232 Fortress: 30084232 Mansion: 10387319 Fossil: 14357921 Portal: 34222645
[12:07:38] [Server thread/INFO]: Max TNT Explosions: 100
[12:07:38] [Server thread/INFO]: Tile Max Tick Time: 50ms Entity max Tick Time: 50ms
[12:07:38] [Server thread/INFO]: View Distance: 10
[12:07:38] [Server thread/INFO]: Arrow Despawn Rate: 1200 Trident Respawn Rate:1200
[12:07:38] [Server thread/INFO]: Nerfing mobs spawned from spawners: false
[12:07:38] [Server thread/INFO]: -------- World Settings For [world_nether] --------
[12:07:38] [Server thread/INFO]: Entity Tracking Range: Pl 48 / An 48 / Mo 48 / Mi 32 / Other 64
[12:07:38] [Server thread/INFO]: Allow Zombie Pigmen to spawn from portal blocks: true
[12:07:38] [Server thread/INFO]: Item Despawn Rate: 6000
[12:07:38] [Server thread/INFO]: Item Merge Radius: 2.5
[12:07:38] [Server thread/INFO]: Zombie Aggressive Towards Villager: true
[12:07:38] [Server thread/INFO]: Mob Spawn Range: 6
[12:07:38] [Server thread/INFO]: Cactus Growth Modifier: 100%
[12:07:38] [Server thread/INFO]: Cane Growth Modifier: 100%
[12:07:38] [Server thread/INFO]: Melon Growth Modifier: 100%
[12:07:38] [Server thread/INFO]: Mushroom Growth Modifier: 100%
[12:07:38] [Server thread/INFO]: Pumpkin Growth Modifier: 100%
[12:07:38] [Server thread/INFO]: Sapling Growth Modifier: 100%
[12:07:38] [Server thread/INFO]: Beetroot Growth Modifier: 100%
[12:07:38] [Server thread/INFO]: Carrot Growth Modifier: 100%
[12:07:38] [Server thread/INFO]: Potato Growth Modifier: 100%
[12:07:38] [Server thread/INFO]: Wheat Growth Modifier: 100%
[12:07:38] [Server thread/INFO]: NetherWart Growth Modifier: 100%
[12:07:38] [Server thread/INFO]: Vine Growth Modifier: 100%
[12:07:38] [Server thread/INFO]: Cocoa Growth Modifier: 100%
[12:07:38] [Server thread/INFO]: Bamboo Growth Modifier: 100%
[12:07:38] [Server thread/INFO]: SweetBerry Growth Modifier: 100%
[12:07:38] [Server thread/INFO]: Kelp Growth Modifier: 100%
[12:07:38] [Server thread/INFO]: Experience Merge Radius: 3.0
[12:07:38] [Server thread/INFO]: Entity Activation Range: An 32 / Mo 32 / Ra 48 / Mi 16 / Tiv true
[12:07:38] [Server thread/INFO]: Hopper Transfer: 8 Hopper Check: 1 Hopper Amount: 1
[12:07:38] [Server thread/INFO]: Custom Map Seeds:  Village: 10387312 Desert: 14357617 Igloo: 14357618 Jungle: 14357619 Swamp: 14357620 Monument: 10387313 Ocean: 14357621 Shipwreck: 165745295 End City: 10387313 Slime: 987234911 Bastion: 30084232 Fortress: 30084232 Mansion: 10387319 Fossil: 14357921 Portal: 34222645
[12:07:38] [Server thread/INFO]: Max TNT Explosions: 100
[12:07:38] [Server thread/INFO]: Tile Max Tick Time: 50ms Entity max Tick Time: 50ms
[12:07:38] [Server thread/INFO]: View Distance: 10
[12:07:38] [Server thread/INFO]: Arrow Despawn Rate: 1200 Trident Respawn Rate:1200
[12:07:38] [Server thread/INFO]: Nerfing mobs spawned from spawners: false
[12:07:38] [Server thread/INFO]: -------- World Settings For [world_the_end] --------
[12:07:38] [Server thread/INFO]: Entity Tracking Range: Pl 48 / An 48 / Mo 48 / Mi 32 / Other 64
[12:07:38] [Server thread/INFO]: Allow Zombie Pigmen to spawn from portal blocks: true
[12:07:38] [Server thread/INFO]: Item Despawn Rate: 6000
[12:07:38] [Server thread/INFO]: Item Merge Radius: 2.5
[12:07:38] [Server thread/INFO]: Zombie Aggressive Towards Villager: true
[12:07:38] [Server thread/INFO]: Mob Spawn Range: 6
[12:07:38] [Server thread/INFO]: Cactus Growth Modifier: 100%
[12:07:38] [Server thread/INFO]: Cane Growth Modifier: 100%
[12:07:38] [Server thread/INFO]: Melon Growth Modifier: 100%
[12:07:38] [Server thread/INFO]: Mushroom Growth Modifier: 100%
[12:07:38] [Server thread/INFO]: Pumpkin Growth Modifier: 100%
[12:07:38] [Server thread/INFO]: Sapling Growth Modifier: 100%
[12:07:38] [Server thread/INFO]: Beetroot Growth Modifier: 100%
[12:07:38] [Server thread/INFO]: Carrot Growth Modifier: 100%
[12:07:38] [Server thread/INFO]: Potato Growth Modifier: 100%
[12:07:38] [Server thread/INFO]: Wheat Growth Modifier: 100%
[12:07:38] [Server thread/INFO]: NetherWart Growth Modifier: 100%
[12:07:38] [Server thread/INFO]: Vine Growth Modifier: 100%
[12:07:38] [Server thread/INFO]: Cocoa Growth Modifier: 100%
[12:07:38] [Server thread/INFO]: Bamboo Growth Modifier: 100%
[12:07:38] [Server thread/INFO]: SweetBerry Growth Modifier: 100%
[12:07:38] [Server thread/INFO]: Kelp Growth Modifier: 100%
[12:07:38] [Server thread/INFO]: Experience Merge Radius: 3.0
[12:07:38] [Server thread/INFO]: Entity Activation Range: An 32 / Mo 32 / Ra 48 / Mi 16 / Tiv true
[12:07:38] [Server thread/INFO]: Hopper Transfer: 8 Hopper Check: 1 Hopper Amount: 1
[12:07:38] [Server thread/INFO]: Custom Map Seeds:  Village: 10387312 Desert: 14357617 Igloo: 14357618 Jungle: 14357619 Swamp: 14357620 Monument: 10387313 Ocean: 14357621 Shipwreck: 165745295 End City: 10387313 Slime: 987234911 Bastion: 30084232 Fortress: 30084232 Mansion: 10387319 Fossil: 14357921 Portal: 34222645
[12:07:38] [Server thread/INFO]: Max TNT Explosions: 100
[12:07:38] [Server thread/INFO]: Tile Max Tick Time: 50ms Entity max Tick Time: 50ms
[12:07:38] [Server thread/INFO]: View Distance: 10
[12:07:38] [Server thread/INFO]: Arrow Despawn Rate: 1200 Trident Respawn Rate:1200
[12:07:38] [Server thread/INFO]: Nerfing mobs spawned from spawners: false
[12:07:38] [Server thread/INFO]: [herder] Disabling herder v1.0-SNAPSHOT
[12:07:38] [Server thread/INFO]: [herder] @@@@@@@@@@@@@@@@@
[12:07:38] [Server thread/INFO]: [herder] @      bye      @
[12:07:38] [Server thread/INFO]: [herder] @@@@@@@@@@@@@@@@@
[12:07:38] [Server thread/INFO]: Reloading ResourceManager: Default, bukkit
[12:07:39] [Server thread/INFO]: Loaded 7 recipes
[12:07:40] [Server thread/INFO]: [herder] Loading herder v1.0-SNAPSHOT
[12:07:40] [Server thread/INFO]: [herder] Enabling herder v1.0-SNAPSHOT
[12:07:40] [Server thread/INFO]: [herder] =====================Event listeners alive=====================
[12:07:40] [Server thread/INFO]: [herder] =====================commands added=====================
[12:07:40] [Server thread/INFO]: [herder] @@@@@@@@@@@@@@@@@
[12:07:40] [Server thread/INFO]: [herder] @Plugin is alive@
[12:07:40] [Server thread/INFO]: [herder] @@@@@@@@@@@@@@@@@
[12:07:40] [Server thread/INFO]: Server permissions file permissions.yml is empty, ignoring it
[12:07:40] [Server thread/INFO]: CONSOLE: [0;32;1mReload complete.[m
[12:08:49] [Server thread/INFO]: Unknown command. Type "/help" for help.[m
[12:08:53] [Server thread/INFO]: Unknown or incomplete command, see below for error
[12:08:53] [Server thread/INFO]: summon<--[HERE]
[12:10:47] [Async Chat Thread - #0/INFO]: <nal00> q[m
[12:10:52] [Server thread/INFO]: Expected double
[12:10:52] [Server thread/INFO]: ...:villager nal00<--[HERE]
[12:11:17] [Server thread/INFO]: Summoned new Villager
[12:12:51] [Server thread/INFO]: Summoned new Villager
[12:13:09] [Server thread/INFO]: Stopping the server
[12:13:09] [Server thread/INFO]: Stopping server
[12:13:09] [Server thread/INFO]: [herder] Disabling herder v1.0-SNAPSHOT
[12:13:09] [Server thread/INFO]: [herder] @@@@@@@@@@@@@@@@@
[12:13:09] [Server thread/INFO]: [herder] @      bye      @
[12:13:09] [Server thread/INFO]: [herder] @@@@@@@@@@@@@@@@@
[12:13:09] [Server thread/INFO]: Saving players
[12:13:09] [Server thread/INFO]: nal00 lost connection: Server closed
[12:13:09] [Server thread/INFO]: nal00 left the game
[12:13:09] [Server thread/INFO]: Saving worlds
[12:13:09] [Server thread/INFO]: Saving chunks for level 'ServerLevel[world]'/minecraft:overworld
[12:13:09] [Server thread/INFO]: Saving chunks for level 'ServerLevel[world_nether]'/minecraft:the_nether
[12:13:09] [Server thread/INFO]: Saving chunks for level 'ServerLevel[world_the_end]'/minecraft:the_end
[12:13:09] [Server thread/INFO]: ThreadedAnvilChunkStorage (world): All chunks are saved
[12:13:09] [Server thread/INFO]: ThreadedAnvilChunkStorage (DIM-1): All chunks are saved
[12:13:09] [Server thread/INFO]: ThreadedAnvilChunkStorage (DIM1): All chunks are saved
[12:13:09] [Server thread/INFO]: ThreadedAnvilChunkStorage: All dimensions are saved
