[01:42:39] [Server thread/INFO]: Starting minecraft server version 1.7.10
[01:42:39] [Server thread/INFO]: Loading properties
[01:42:39] [Server thread/INFO]: Default game type: SURVIVAL
[01:42:39] [Server thread/INFO]: Generating keypair
[01:42:40] [Server thread/INFO]: Starting Minecraft server on *:25565
[01:42:41] [Server thread/INFO]: Preparing level "world"
[01:42:41] [Server thread/INFO]: Preparing start region for level 0
[01:42:42] [Server thread/INFO]: Done (1.083s)! For help, type "help" or "?"
[01:42:49] [User Authenticator #1/INFO]: UUID of player Killy1122 is 2132649e-4318-401b-a8ed-da783c081d20
[01:42:49] [Server thread/INFO]: Killy1122[/211.201.169.75:55593] logged in with entity id 3 at (-73.5, 23.0, 222.5)
[01:42:49] [Server thread/INFO]: Killy1122 joined the game
[01:43:44] [Server thread/INFO]: Killy1122 has just earned the achievement [Taking Inventory]
[01:44:37] [Server thread/INFO]: [@: Game rule has been updated]
[01:44:37] [Server thread/INFO]: [@: Set Killy1122's game mode to Adventure Mode]
[01:44:37] [Server thread/INFO]: [@: Game rule has been updated]
[01:44:37] [Server thread/INFO]: [@: Game rule has been updated]
[01:44:37] [Server thread/INFO]: [@: Game rule has been updated]
[01:44:37] [Server thread/INFO]: [@: Game rule has been updated]
[01:44:37] [Server thread/INFO]: [@: Game rule has been updated]
[01:44:37] [Server thread/INFO]: [@: Game rule has been updated]
[01:44:37] [Server thread/INFO]: [@: Game rule has been updated]
[01:44:38] [Server thread/INFO]: [@: Set the time to 17000]
[01:44:38] [Server thread/INFO]: [@: Changing to clear weather]
[01:44:38] [Server thread/INFO]: [@: Cleared the inventory of Killy1122, removing 2 items]
[01:44:38] [Server thread/INFO]: [@: Given Slowness (ID 2) * 1 to Killy1122 for 9000 seconds]
[01:44:38] [Server thread/INFO]: [@: Teleported Killy1122 to -7.5,22.5,66.5]
[01:45:21] [Server thread/INFO]: [@: Played sound 'portal.travel' to Killy1122]
[01:45:22] [Server thread/INFO]: [@: Set score of ambient for player Killy1122 to 0]
[01:45:23] [Server thread/INFO]: [@: Played sound 'note.pling' to Killy1122]
[01:46:05] [User Authenticator #2/INFO]: UUID of player Killy1122 is 2132649e-4318-401b-a8ed-da783c081d20
[01:46:05] [Server thread/INFO]: Killy1122[/14.120.48.201:58741] logged in with entity id 33 at (93.84679823883678, 22.0, 9.736743215279176)
[01:46:05] [Server thread/INFO]: Killy1122 joined the game
[01:46:19] [Server thread/INFO]: Killy1122 lost connection: TranslatableComponent{key='disconnect.timeout', args=[], siblings=[], style=Style{hasParent=false, color=null, bold=null, italic=null, underlined=null, obfuscated=null, clickEvent=null, hoverEvent=null}}
[01:46:19] [Server thread/INFO]: Killy1122 left the game
[01:47:21] [Server thread/INFO]: Killy1122 lost connection: TextComponent{text='Disconnected', siblings=[], style=Style{hasParent=false, color=null, bold=null, italic=null, underlined=null, obfuscated=null, clickEvent=null, hoverEvent=null}}
[01:47:21] [Server thread/INFO]: Killy1122 left the game
[01:47:31] [User Authenticator #3/INFO]: UUID of player Killy1122 is 2132649e-4318-401b-a8ed-da783c081d20
[01:47:31] [Server thread/INFO]: Killy1122[/168.126.234.226:53853] logged in with entity id 34 at (97.72903476097925, 22.0, 10.779454159690683)
[01:47:31] [Server thread/INFO]: Killy1122 joined the game
[01:47:38] [Server thread/INFO]: [@: Played sound 'mob' to Killy1122]
[01:47:38] [Server thread/INFO]: [@: Block placed]
[01:47:38] [Server thread/INFO]: [@: Block placed]
[01:47:41] [Server thread/INFO]: [@: Played sound 'mob' to Killy1122]
[01:47:56] [Server thread/INFO]: [@: Played sound 'mob' to Killy1122]
[01:47:56] [Server thread/INFO]: [@: Block placed]
[01:47:56] [Server thread/INFO]: [@: Played sound 'note.hat' to Killy1122]
[01:48:24] [Server thread/INFO]: [@: Played sound 'mob' to Killy1122]
[01:48:25] [Server thread/INFO]: [@: Played sound 'note.bassattack' to Killy1122]
[01:48:25] [Server thread/INFO]: [@: Block placed]
[01:48:25] [Server thread/INFO]: [@: Block placed]
[01:48:25] [Server thread/INFO]: [@: Block placed]
[01:48:25] [Server thread/INFO]: [@: Block placed]
[01:48:25] [Server thread/INFO]: [@: Block placed]
[01:48:25] [Server thread/INFO]: [@: Block placed]
[01:48:25] [Server thread/INFO]: [@: Block placed]
[01:48:25] [Server thread/INFO]: [@: Block placed]
[01:48:30] [Server thread/INFO]: /say <message ...>
[01:48:40] [Server thread/INFO]: [@: Set score of ambient for player Killy1122 to 0]
[01:48:41] [Server thread/INFO]: [@: Played sound 'note.pling' to Killy1122]
[01:49:36] [Server thread/INFO]: [@: Played sound 'mob' to Killy1122]
[01:49:36] [Server thread/INFO]: [@: Played sound 'note.bassattack' to Killy1122]
[01:49:36] [Server thread/INFO]: [@: Block placed]
[01:49:37] [Server thread/INFO]: [@: Block placed]
[01:49:39] [Server thread/INFO]: [@: Played sound 'mob' to Killy1122]
[01:49:47] [Server thread/INFO]: [@: Played sound 'mob' to Killy1122]
[01:49:58] [Server thread/INFO]: [@: Played sound 'portal.portal' to Killy1122]
[01:50:09] [Server thread/INFO]: [@: Played sound 'mob' to Killy1122]
[01:50:17] [Server thread/INFO]: [@: Played sound 'mob' to Killy1122]
[01:50:23] [Server thread/INFO]: [@: Played sound 'portal.portal' to Killy1122]
[01:50:43] [Server thread/INFO]: [@: Played sound 'mob' to Killy1122]
[01:50:43] [Server thread/INFO]: [@: Played sound 'note.bass' to Killy1122]
[01:50:54] [Server thread/INFO]: [@: Played sound 'mob' to Killy1122]
[01:50:54] [Server thread/INFO]: [@: Block placed]
[01:50:54] [Server thread/INFO]: [@: Played sound 'note.harp' to Killy1122]
[01:50:55] [Server thread/INFO]: [@: Block placed]
[01:50:56] [Server thread/INFO]: [@: Block placed]
[01:50:56] [Server thread/INFO]: [@: Block placed]
[01:50:57] [Server thread/INFO]: [@: Block placed]
[01:50:58] [Server thread/INFO]: [@: Block placed]
[01:50:59] [Server thread/INFO]: [@: Block placed]
[01:50:59] [Server thread/INFO]: [@: Played sound 'portal.portal' to Killy1122]
[01:50:59] [Server thread/INFO]: [@: Block placed]
[01:51:00] [Server thread/INFO]: [@: Block placed]
[01:51:04] [Server thread/INFO]: [@: Played sound 'mob' to Killy1122]
[01:51:12] [Server thread/INFO]: [@: Set score of ambient for player Killy1122 to 0]
[01:51:12] [Server thread/INFO]: [@: Played sound 'mob' to Killy1122]
[01:51:13] [Server thread/INFO]: [@: Played sound 'note.pling' to Killy1122]
[01:51:21] [Server thread/INFO]: [@: Played sound 'mob' to Killy1122]
[01:51:21] [Server thread/INFO]: [@: Played sound 'mob' to Killy1122]
[01:51:21] [Server thread/INFO]: [@: Played sound 'fireworks.twinkle' to Killy1122]
[01:51:21] [Server thread/INFO]: [@: Played sound 'fireworks.twinkle' to Killy1122]
[01:51:31] [Server thread/INFO]: [@: Played sound 'mob' to Killy1122]
[01:51:31] [Server thread/INFO]: [@: Played sound 'note.bassattack' to Killy1122]
[01:51:31] [Server thread/INFO]: [@: Block placed]
[01:51:32] [Server thread/INFO]: [@: Block placed]
[01:51:38] [Server thread/INFO]: [@: Played sound 'portal.portal' to Killy1122]
[01:51:38] [Server thread/INFO]: [@: Block placed]
[01:51:38] [Server thread/INFO]: [@: Played sound 'fireworks.launch' to Killy1122]
[01:51:38] [Server thread/INFO]: [@: Object successfully summoned]
[01:51:38] [Server thread/INFO]: [@: Block placed]
[01:51:39] [Server thread/INFO]: [@: Played sound 'mob' to Killy1122]
[01:51:48] [Server thread/INFO]: [@: Played sound 'mob' to Killy1122]
[01:51:48] [Server thread/INFO]: [@: Played sound 'mob' to Killy1122]
[01:52:03] [Server thread/INFO]: [@: Played sound 'mob' to Killy1122]
[01:53:06] [Server thread/INFO]: [Server] ¿Î!
[01:53:27] [Server thread/INFO]: [@: Played sound 'mob' to Killy1122]
[01:53:28] [Server thread/INFO]: [@: Played sound 'fireworks.largeBlast_far' to Killy1122]
[01:53:30] [Server thread/INFO]: [@: Played sound 'fireworks.blast' to Killy1122]
[01:53:34] [Server thread/INFO]: [@: Played sound 'mob' to Killy1122]
[01:53:39] [Server thread/INFO]: [@: Played sound 'mob' to Killy1122]
[01:53:43] [Server thread/INFO]: [@: Played sound 'random.anvil_land' to Killy1122]
[01:53:43] [Server thread/INFO]: [@: Set score of ambient for player Killy1122 to 0]
[01:53:44] [Server thread/INFO]: [@: Played sound 'note.pling' to Killy1122]
[01:53:51] [Server thread/INFO]: [@: Played sound 'mob' to Killy1122]
[01:53:56] [Server thread/INFO]: [@: Played sound 'random.anvil_land' to Killy1122]
[01:54:01] [Server thread/INFO]: [@: Played sound 'random.anvil_land' to Killy1122]
[01:54:10] [Server thread/INFO]: [@: Played sound 'random.anvil_land' to Killy1122]
[01:54:14] [Server thread/INFO]: [@: Played sound 'random.anvil_land' to Killy1122]
[01:54:19] [Server thread/INFO]: [@: Played sound 'random.anvil_land' to Killy1122]
[01:54:21] [Server thread/INFO]: [@: Played sound 'mob' to Killy1122]
[01:55:08] [Server thread/INFO]: [@: Played sound 'mob' to Killy1122]
[01:55:18] [Server thread/INFO]: [@: Played sound 'mob' to Killy1122]
[01:55:37] [Server thread/INFO]: [@: Played sound 'mob' to Killy1122]
[01:55:40] [Server thread/INFO]: [@: Played sound 'random.anvil_land' to Killy1122]
[01:55:44] [Server thread/INFO]: [@: Played sound 'random.anvil_land' to Killy1122]
[01:55:49] [Server thread/INFO]: [@: Played sound 'random.anvil_land' to Killy1122]
[01:56:13] [Server thread/INFO]: [@: Set score of ambient for player Killy1122 to 0]
[01:56:14] [Server thread/INFO]: [@: Played sound 'note.pling' to Killy1122]
[01:56:25] [Server thread/INFO]: [@: Played sound 'random.anvil_land' to Killy1122]
[01:56:29] [Server thread/INFO]: [@: Played sound 'random.anvil_land' to Killy1122]
[01:56:34] [Server thread/INFO]: [@: Played sound 'random.anvil_land' to Killy1122]
[01:56:38] [Server thread/INFO]: [@: Played sound 'random.anvil_land' to Killy1122]
[01:56:43] [Server thread/INFO]: [@: Played sound 'random.anvil_land' to Killy1122]
[01:56:47] [Server thread/INFO]: [@: Played sound 'random.anvil_land' to Killy1122]
[01:56:52] [Server thread/INFO]: [@: Played sound 'random.anvil_land' to Killy1122]
[01:56:56] [Server thread/INFO]: [@: Played sound 'random.anvil_land' to Killy1122]
[01:57:01] [Server thread/INFO]: [@: Played sound 'random.anvil_land' to Killy1122]
[01:57:05] [Server thread/INFO]: [@: Played sound 'random.anvil_land' to Killy1122]
[01:57:06] [Server thread/INFO]: [@: Played sound 'mob' to Killy1122]
[01:57:06] [Server thread/INFO]: [@: Block placed]
[01:57:06] [Server thread/INFO]: [@: Block placed]
[01:57:06] [Server thread/INFO]: [@: Block placed]
[01:57:06] [Server thread/INFO]: [@: Block placed]
[01:57:06] [Server thread/INFO]: [@: Played sound 'note.bd' to Killy1122]
[01:57:21] [Server thread/INFO]: [@: Played sound 'mob' to Killy1122]
[01:57:21] [Server thread/INFO]: [@: Block placed]
[01:57:21] [Server thread/INFO]: [@: Played sound 'note.harp' to Killy1122]
[01:57:21] [Server thread/INFO]: [@: Block placed]
[01:57:21] [Server thread/INFO]: [@: Played sound 'note.bassattack' to Killy1122]
[01:57:21] [Server thread/INFO]: [@: Played sound 'portal.travel' to Killy1122]
[01:57:21] [Server thread/INFO]: [@: Block placed]
[01:57:21] [Server thread/INFO]: [@: Block placed]
[01:57:21] [Server thread/INFO]: [@: Block placed]
[01:57:26] [Server thread/INFO]: [@: Changing to rainy weather]
[01:57:29] [Server thread/INFO]: [@: Played sound 'note.hat' to Killy1122]
[01:57:31] [Server thread/INFO]: [@: Played sound 'portal.travel' to Killy1122]
[01:57:35] [Server thread/INFO]: [@: Played sound 'portal.travel' to Killy1122]
[01:57:38] [Server thread/INFO]: [@: Played sound 'portal.travel' to Killy1122]
[01:57:42] [Server thread/INFO]: [@: Played sound 'portal.travel' to Killy1122]
[01:57:46] [Server thread/INFO]: [@: Played sound 'portal.travel' to Killy1122]
[01:57:49] [Server thread/INFO]: [@: Played sound 'portal.travel' to Killy1122]
[01:57:52] [Server thread/INFO]: [@: Played sound 'mob' to Killy1122]
[01:57:53] [Server thread/INFO]: [@: Played sound 'mob' to Killy1122]
[01:57:53] [Server thread/INFO]: [@: Played sound 'portal.travel' to Killy1122]
[01:57:57] [Server thread/INFO]: [@: Played sound 'portal.travel' to Killy1122]
[01:58:00] [Server thread/INFO]: [@: Played sound 'portal.travel' to Killy1122]
[01:58:04] [Server thread/INFO]: [@: Played sound 'portal.travel' to Killy1122]
[01:58:08] [Server thread/INFO]: [@: Played sound 'portal.travel' to Killy1122]
[01:58:12] [Server thread/INFO]: [@: Played sound 'portal.travel' to Killy1122]
[01:58:15] [Server thread/INFO]: [@: Played sound 'portal.travel' to Killy1122]
[01:58:19] [Server thread/INFO]: [@: Played sound 'portal.travel' to Killy1122]
[01:58:23] [Server thread/INFO]: [@: Played sound 'portal.travel' to Killy1122]
[01:58:26] [Server thread/INFO]: [@: Played sound 'portal.travel' to Killy1122]
[01:58:30] [Server thread/INFO]: [@: Played sound 'portal.travel' to Killy1122]
[01:58:34] [Server thread/INFO]: [@: Played sound 'portal.travel' to Killy1122]
[01:58:38] [Server thread/INFO]: [@: Played sound 'portal.travel' to Killy1122]
[01:58:41] [Server thread/INFO]: [@: Played sound 'portal.travel' to Killy1122]
[01:58:43] [Server thread/INFO]: [@: Set score of ambient for player Killy1122 to 0]
[01:58:44] [Server thread/INFO]: [@: Played sound 'note.pling' to Killy1122]
[01:58:45] [Server thread/INFO]: [@: Played sound 'portal.travel' to Killy1122]
[01:58:49] [Server thread/INFO]: [@: Played sound 'portal.travel' to Killy1122]
[01:58:49] [Server thread/INFO]: [@: Played sound 'note.snare' to Killy1122]
[01:59:14] [Server thread/INFO]: [@: Played sound 'mob' to Killy1122]
[01:59:17] [Server thread/INFO]: [@: Played sound 'portal.travel' to Killy1122]
[01:59:22] [Server thread/INFO]: [@: Set Killy1122's spawn point to (-65, 23, 212)]
[01:59:24] [Server thread/INFO]: [@: Teleported Killy1122 to 111.5,34.5,14.5]
[01:59:29] [Server thread/INFO]: [@: Given Wither (ID 20) * 1 to Killy1122 for 9000 seconds]
[01:59:29] [Server thread/INFO]: [@: Played sound 'note.bassattack' to Killy1122]
[01:59:33] [Server thread/INFO]: [@: Played sound 'mob' to Killy1122]
[01:59:36] [Server thread/INFO]: [@: Played sound 'mob' to Killy1122]
[01:59:42] [Server thread/INFO]: [@: Played sound 'mob' to Killy1122]
[01:59:48] [Server thread/INFO]: Killy1122 withered away
[02:00:19] [Server thread/INFO]: Killy1122 lost connection: TextComponent{text='Disconnected', siblings=[], style=Style{hasParent=false, color=null, bold=null, italic=null, underlined=null, obfuscated=null, clickEvent=null, hoverEvent=null}}
[02:00:19] [Server thread/INFO]: Killy1122 left the game
