[11:43:44] [ServerMain/INFO]: Environment: authHost='https://authserver.mojang.com', accountsHost='https://api.mojang.com', sessionHost='https://sessionserver.mojang.com', servicesHost='https://api.minecraftservices.com', name='PROD'
[11:43:45] [ServerMain/INFO]: Reloading ResourceManager: Default, bukkit
[11:43:45] [Worker-Main-1/INFO]: Loaded 7 recipes
[11:43:48] [Server thread/INFO]: Starting minecraft server version 1.18.1
[11:43:48] [Server thread/INFO]: Loading properties
[11:43:48] [Server thread/INFO]: This server is running Paper version git-Paper-194 (MC: 1.18.1) (Implementing API version 1.18.1-R0.1-SNAPSHOT) (Git: 9567753)
[11:43:49] [Server thread/INFO]: Using 4 threads for Netty based IO
[11:43:49] [Server thread/INFO]: Server Ping Player Sample Count: 12
[11:43:49] [Server thread/INFO]: Default game type: SURVIVAL
[11:43:49] [Server thread/INFO]: Generating keypair
[11:43:49] [Server thread/INFO]: Starting Minecraft server on *:25565
[11:43:49] [Server thread/INFO]: Using default channel type
[11:43:49] [Server thread/INFO]: Paper: Using Java 11 compression from Velocity.
[11:43:49] [Server thread/INFO]: Paper: Using Java cipher from Velocity.
[11:43:50] [Server thread/INFO]: [HerbPack] Loading HerbPack v1.0-SNAPSHOT
[11:43:50] [Server thread/INFO]: Server permissions file permissions.yml is empty, ignoring it
[11:43:50] [Server thread/INFO]: Preparing level "world"
[11:43:52] [Server thread/INFO]: Preparing start region for dimension minecraft:overworld
[11:43:53] [Server thread/INFO]: Time elapsed: 480 ms
[11:43:53] [Server thread/INFO]: Preparing start region for dimension minecraft:the_nether
[11:43:53] [Server thread/INFO]: Time elapsed: 166 ms
[11:43:53] [Server thread/INFO]: Preparing start region for dimension minecraft:the_end
[11:43:53] [Server thread/INFO]: Time elapsed: 143 ms
[11:43:53] [Server thread/INFO]: [HerbPack] Enabling HerbPack v1.0-SNAPSHOT
[11:43:53] [Server thread/ERROR]: Error occurred while enabling HerbPack v1.0-SNAPSHOT (Is it up to date?)
java.lang.NoClassDefFoundError: kotlin/jvm/internal/Intrinsics
	at herb.herb.Argus.GlobalArgus.<clinit>(GlobalArgus.kt:21) ~[HerbPlugin.jar:?]
	at herb.herb.Main.onEnable(Main.kt:17) ~[HerbPlugin.jar:?]
	at org.bukkit.plugin.java.JavaPlugin.setEnabled(JavaPlugin.java:264) ~[paper-api-1.18.1-R0.1-SNAPSHOT.jar:?]
	at org.bukkit.plugin.java.JavaPluginLoader.enablePlugin(JavaPluginLoader.java:370) ~[paper-api-1.18.1-R0.1-SNAPSHOT.jar:?]
	at org.bukkit.plugin.SimplePluginManager.enablePlugin(SimplePluginManager.java:501) ~[paper-api-1.18.1-R0.1-SNAPSHOT.jar:?]
	at org.bukkit.craftbukkit.v1_18_R1.CraftServer.enablePlugin(CraftServer.java:560) ~[paper-1.18.1.jar:git-Paper-194]
	at org.bukkit.craftbukkit.v1_18_R1.CraftServer.enablePlugins(CraftServer.java:474) ~[paper-1.18.1.jar:git-Paper-194]
	at net.minecraft.server.MinecraftServer.loadWorld0(MinecraftServer.java:727) ~[paper-1.18.1.jar:git-Paper-194]
	at net.minecraft.server.MinecraftServer.loadLevel(MinecraftServer.java:503) ~[paper-1.18.1.jar:git-Paper-194]
	at net.minecraft.server.dedicated.DedicatedServer.initServer(DedicatedServer.java:313) ~[paper-1.18.1.jar:git-Paper-194]
	at net.minecraft.server.MinecraftServer.runServer(MinecraftServer.java:1202) ~[paper-1.18.1.jar:git-Paper-194]
	at net.minecraft.server.MinecraftServer.lambda$spin$0(MinecraftServer.java:317) ~[paper-1.18.1.jar:git-Paper-194]
	at java.lang.Thread.run(Thread.java:833) ~[?:?]
Caused by: java.lang.ClassNotFoundException: kotlin.jvm.internal.Intrinsics
	at org.bukkit.plugin.java.PluginClassLoader.loadClass0(PluginClassLoader.java:151) ~[paper-api-1.18.1-R0.1-SNAPSHOT.jar:?]
	at org.bukkit.plugin.java.PluginClassLoader.loadClass(PluginClassLoader.java:103) ~[paper-api-1.18.1-R0.1-SNAPSHOT.jar:?]
	at java.lang.ClassLoader.loadClass(ClassLoader.java:520) ~[?:?]
	... 13 more
[11:43:53] [Server thread/INFO]: [HerbPack] Disabling HerbPack v1.0-SNAPSHOT
[11:43:53] [Server thread/INFO]: [HerbPack] ====================
[11:43:53] [Server thread/INFO]: [HerbPack] The Herbisdead
[11:43:53] [Server thread/INFO]: [HerbPack] ====================



[11:43:53] [Server thread/INFO]: Running delayed init tasks
[11:43:53] [Server thread/INFO]: Done (4.803s)! For help, type "help"
[11:43:53] [Server thread/INFO]: Timings Reset
[14:01:34] [Server thread/WARN]: Can't keep up! Is the server overloaded? Running 188463ms or 3769 ticks behind
[14:31:01] [Server thread/INFO]: Stopping server
[14:31:01] [Server thread/INFO]: Saving players
[14:31:02] [Server thread/INFO]: Saving worlds
[14:31:02] [Server thread/INFO]: Saving chunks for level 'ServerLevel[world]'/minecraft:overworld
[14:31:02] [Server thread/INFO]: Saving chunks for level 'ServerLevel[world_nether]'/minecraft:the_nether
[14:31:02] [Server thread/INFO]: Saving chunks for level 'ServerLevel[world_the_end]'/minecraft:the_end
[14:31:02] [Server thread/INFO]: ThreadedAnvilChunkStorage (world): All chunks are saved
[14:31:02] [Server thread/INFO]: ThreadedAnvilChunkStorage (DIM-1): All chunks are saved
[14:31:02] [Server thread/INFO]: ThreadedAnvilChunkStorage (DIM1): All chunks are saved
[14:31:02] [Server thread/INFO]: ThreadedAnvilChunkStorage: All dimensions are saved
[14:31:02] [Server thread/INFO]: Flushing Chunk IO
[14:31:02] [Server thread/INFO]: Closing Thread Pool
[14:31:02] [Server thread/INFO]: Closing Server
